<?xml version="1.0" ?>
<coverage version="7.2.2" timestamp="1679278818700" lines-valid="2207" lines-covered="271" line-rate="0.1228" branches-valid="1001" branches-covered="46" branch-rate="0.04595" complexity="0">
	<!-- Generated by coverage.py: https://coverage.readthedocs.io/en/7.2.2 -->
	<!-- Based on https://raw.githubusercontent.com/cobertura/web/master/htdocs/xml/coverage-04.dtd -->
	<sources>
		<source>/Users/home/tankerma/antarctic_plots</source>
	</sources>
	<packages>
		<package name="antarctic_plots" line-rate="0.1228" branch-rate="0.04595" complexity="0">
			<classes>
				<class name="fetch.py" filename="antarctic_plots/fetch.py" complexity="0" line-rate="0.1065" branch-rate="0.06009">
					<methods/>
					<lines>
						<line number="8" hits="1"/>
						<line number="9" hits="1"/>
						<line number="10" hits="1"/>
						<line number="11" hits="1"/>
						<line number="12" hits="1"/>
						<line number="14" hits="1"/>
						<line number="16" hits="1" branch="true" condition-coverage="50% (1/2)" missing-branches="17"/>
						<line number="17" hits="0"/>
						<line number="19" hits="1"/>
						<line number="21" hits="1"/>
						<line number="22" hits="1"/>
						<line number="23" hits="1"/>
						<line number="24" hits="1"/>
						<line number="25" hits="1"/>
						<line number="26" hits="1"/>
						<line number="27" hits="1"/>
						<line number="28" hits="1"/>
						<line number="29" hits="1"/>
						<line number="31" hits="1"/>
						<line number="33" hits="1"/>
						<line number="36" hits="1"/>
						<line number="48" hits="1" branch="true" condition-coverage="100% (2/2)"/>
						<line number="49" hits="1"/>
						<line number="50" hits="1" branch="true" condition-coverage="100% (2/2)"/>
						<line number="51" hits="1"/>
						<line number="52" hits="1" branch="true" condition-coverage="100% (2/2)"/>
						<line number="53" hits="1"/>
						<line number="56" hits="1" branch="true" condition-coverage="100% (2/2)"/>
						<line number="57" hits="1"/>
						<line number="58" hits="1" branch="true" condition-coverage="100% (2/2)"/>
						<line number="59" hits="1"/>
						<line number="60" hits="1" branch="true" condition-coverage="100% (2/2)"/>
						<line number="61" hits="1"/>
						<line number="70" hits="1"/>
						<line number="75" hits="1" branch="true" condition-coverage="100% (2/2)"/>
						<line number="76" hits="1"/>
						<line number="77" hits="1"/>
						<line number="80" hits="1" branch="true" condition-coverage="100% (2/2)"/>
						<line number="81" hits="1"/>
						<line number="85" hits="1"/>
						<line number="90" hits="1"/>
						<line number="99" hits="1" branch="true" condition-coverage="100% (2/2)"/>
						<line number="100" hits="1"/>
						<line number="101" hits="1"/>
						<line number="109" hits="1"/>
						<line number="118" hits="1" branch="true" condition-coverage="50% (1/2)" missing-branches="121"/>
						<line number="119" hits="1"/>
						<line number="121" hits="1"/>
						<line number="127" hits="1"/>
						<line number="134" hits="1"/>
						<line number="140" hits="1"/>
						<line number="143" hits="1"/>
						<line number="150" hits="1"/>
						<line number="151" hits="0"/>
						<line number="152" hits="0"/>
						<line number="154" hits="1"/>
						<line number="155" hits="0" branch="true" condition-coverage="0% (0/2)" missing-branches="156,162"/>
						<line number="156" hits="0"/>
						<line number="157" hits="0" branch="true" condition-coverage="0% (0/2)" missing-branches="158,160"/>
						<line number="158" hits="0"/>
						<line number="160" hits="0"/>
						<line number="162" hits="0" branch="true" condition-coverage="0% (0/2)" missing-branches="163,169"/>
						<line number="163" hits="0"/>
						<line number="164" hits="0" branch="true" condition-coverage="0% (0/2)" missing-branches="165,167"/>
						<line number="165" hits="0"/>
						<line number="167" hits="0"/>
						<line number="169" hits="0"/>
						<line number="171" hits="1"/>
						<line number="172" hits="0"/>
						<line number="173" hits="0"/>
						<line number="174" hits="0"/>
						<line number="175" hits="0"/>
						<line number="176" hits="0"/>
						<line number="177" hits="0"/>
						<line number="178" hits="0" branch="true" condition-coverage="0% (0/2)" missing-branches="179,182"/>
						<line number="179" hits="0"/>
						<line number="180" hits="0"/>
						<line number="181" hits="0"/>
						<line number="182" hits="0"/>
						<line number="185" hits="1"/>
						<line number="200" hits="0"/>
						<line number="206" hits="0" branch="true" condition-coverage="0% (0/2)" missing-branches="exit,207"/>
						<line number="207" hits="0"/>
						<line number="210" hits="1"/>
						<line number="249" hits="0"/>
						<line number="252" hits="0"/>
						<line number="254" hits="0"/>
						<line number="256" hits="0"/>
						<line number="258" hits="0" branch="true" condition-coverage="0% (0/2)" missing-branches="259,263"/>
						<line number="259" hits="0"/>
						<line number="260" hits="0"/>
						<line number="262" hits="0"/>
						<line number="263" hits="0"/>
						<line number="266" hits="0"/>
						<line number="268" hits="0"/>
						<line number="270" hits="0"/>
						<line number="272" hits="0" branch="true" condition-coverage="0% (0/2)" missing-branches="273,278"/>
						<line number="273" hits="0"/>
						<line number="274" hits="0"/>
						<line number="275" hits="0"/>
						<line number="277" hits="0"/>
						<line number="278" hits="0"/>
						<line number="280" hits="0" branch="true" condition-coverage="0% (0/2)" missing-branches="281,284"/>
						<line number="281" hits="0"/>
						<line number="284" hits="0" branch="true" condition-coverage="0% (0/2)" missing-branches="285,289"/>
						<line number="285" hits="0"/>
						<line number="286" hits="0"/>
						<line number="287" hits="0"/>
						<line number="288" hits="0"/>
						<line number="289" hits="0" branch="true" condition-coverage="0% (0/2)" missing-branches="290,296"/>
						<line number="290" hits="0"/>
						<line number="291" hits="0"/>
						<line number="292" hits="0"/>
						<line number="293" hits="0"/>
						<line number="294" hits="0"/>
						<line number="296" hits="0" branch="true" condition-coverage="0% (0/2)" missing-branches="297,298"/>
						<line number="297" hits="0"/>
						<line number="298" hits="0" branch="true" condition-coverage="0% (0/2)" missing-branches="299,302"/>
						<line number="299" hits="0"/>
						<line number="302" hits="0"/>
						<line number="312" hits="0"/>
						<line number="314" hits="0"/>
						<line number="325" hits="0" branch="true" condition-coverage="0% (0/2)" missing-branches="326,327"/>
						<line number="326" hits="0"/>
						<line number="327" hits="0" branch="true" condition-coverage="0% (0/2)" missing-branches="328,330"/>
						<line number="328" hits="0"/>
						<line number="330" hits="0"/>
						<line number="333" hits="1"/>
						<line number="349" hits="0" branch="true" condition-coverage="0% (0/2)" missing-branches="350,359"/>
						<line number="350" hits="0"/>
						<line number="359" hits="0" branch="true" condition-coverage="0% (0/2)" missing-branches="360,370"/>
						<line number="360" hits="0"/>
						<line number="370" hits="0"/>
						<line number="372" hits="0"/>
						<line number="375" hits="1"/>
						<line number="388" hits="0"/>
						<line number="396" hits="0" branch="true" condition-coverage="0% (0/2)" missing-branches="exit,398"/>
						<line number="398" hits="0"/>
						<line number="401" hits="1"/>
						<line number="428" hits="0" branch="true" condition-coverage="0% (0/2)" missing-branches="429,439"/>
						<line number="429" hits="0"/>
						<line number="437" hits="0" branch="true" condition-coverage="0% (0/2)" missing-branches="exit,467"/>
						<line number="439" hits="0" branch="true" condition-coverage="0% (0/2)" missing-branches="440,465"/>
						<line number="440" hits="0"/>
						<line number="447" hits="0"/>
						<line number="448" hits="0"/>
						<line number="449" hits="0"/>
						<line number="456" hits="0" branch="true" condition-coverage="0% (0/2)" missing-branches="457,463"/>
						<line number="457" hits="0"/>
						<line number="463" hits="0"/>
						<line number="465" hits="0"/>
						<line number="467" hits="0"/>
						<line number="470" hits="1"/>
						<line number="495" hits="0"/>
						<line number="498" hits="0" branch="true" condition-coverage="0% (0/2)" missing-branches="499,521"/>
						<line number="499" hits="0"/>
						<line number="500" hits="0"/>
						<line number="507" hits="0"/>
						<line number="513" hits="0" branch="true" condition-coverage="0% (0/2)" missing-branches="514,520"/>
						<line number="514" hits="0"/>
						<line number="520" hits="0"/>
						<line number="521" hits="0" branch="true" condition-coverage="0% (0/2)" missing-branches="528,572"/>
						<line number="528" hits="0"/>
						<line number="529" hits="0"/>
						<line number="554" hits="0"/>
						<line number="560" hits="0" branch="true" condition-coverage="0% (0/2)" missing-branches="561,567"/>
						<line number="561" hits="0"/>
						<line number="567" hits="0" branch="true" condition-coverage="0% (0/2)" missing-branches="568,570"/>
						<line number="568" hits="0"/>
						<line number="570" hits="0"/>
						<line number="572" hits="0"/>
						<line number="574" hits="0"/>
						<line number="577" hits="1"/>
						<line number="608" hits="0"/>
						<line number="609" hits="0"/>
						<line number="610" hits="0"/>
						<line number="612" hits="0" branch="true" condition-coverage="0% (0/2)" missing-branches="613,614"/>
						<line number="613" hits="0"/>
						<line number="614" hits="0" branch="true" condition-coverage="0% (0/2)" missing-branches="615,616"/>
						<line number="615" hits="0"/>
						<line number="616" hits="0" branch="true" condition-coverage="0% (0/2)" missing-branches="617,619"/>
						<line number="617" hits="0"/>
						<line number="619" hits="0"/>
						<line number="627" hits="0"/>
						<line number="629" hits="0"/>
						<line number="639" hits="0" branch="true" condition-coverage="0% (0/2)" missing-branches="640,641"/>
						<line number="640" hits="0"/>
						<line number="641" hits="0" branch="true" condition-coverage="0% (0/2)" missing-branches="642,644"/>
						<line number="642" hits="0"/>
						<line number="644" hits="0"/>
						<line number="647" hits="1"/>
						<line number="703" hits="0" branch="true" condition-coverage="0% (0/2)" missing-branches="705,780"/>
						<line number="705" hits="0"/>
						<line number="706" hits="0"/>
						<line number="707" hits="0"/>
						<line number="709" hits="0" branch="true" condition-coverage="0% (0/2)" missing-branches="710,711"/>
						<line number="710" hits="0"/>
						<line number="711" hits="0" branch="true" condition-coverage="0% (0/2)" missing-branches="712,713"/>
						<line number="712" hits="0"/>
						<line number="713" hits="0" branch="true" condition-coverage="0% (0/2)" missing-branches="714,716"/>
						<line number="714" hits="0"/>
						<line number="716" hits="0"/>
						<line number="718" hits="0"/>
						<line number="721" hits="0" branch="true" condition-coverage="0% (0/2)" missing-branches="exit,722"/>
						<line number="722" hits="0"/>
						<line number="725" hits="0"/>
						<line number="726" hits="0"/>
						<line number="729" hits="0" branch="true" condition-coverage="0% (0/2)" missing-branches="731,757"/>
						<line number="731" hits="0"/>
						<line number="738" hits="0"/>
						<line number="739" hits="0"/>
						<line number="740" hits="0"/>
						<line number="743" hits="0"/>
						<line number="749" hits="0"/>
						<line number="756" hits="0"/>
						<line number="757" hits="0"/>
						<line number="759" hits="0"/>
						<line number="768" hits="0"/>
						<line number="770" hits="0"/>
						<line number="780" hits="0" branch="true" condition-coverage="0% (0/2)" missing-branches="782,813"/>
						<line number="782" hits="0"/>
						<line number="783" hits="0"/>
						<line number="784" hits="0"/>
						<line number="786" hits="0" branch="true" condition-coverage="0% (0/2)" missing-branches="787,788"/>
						<line number="787" hits="0"/>
						<line number="788" hits="0" branch="true" condition-coverage="0% (0/2)" missing-branches="789,790"/>
						<line number="789" hits="0"/>
						<line number="790" hits="0" branch="true" condition-coverage="0% (0/2)" missing-branches="791,793"/>
						<line number="791" hits="0"/>
						<line number="793" hits="0"/>
						<line number="801" hits="0"/>
						<line number="803" hits="0"/>
						<line number="813" hits="0" branch="true" condition-coverage="0% (0/2)" missing-branches="815,846"/>
						<line number="815" hits="0"/>
						<line number="816" hits="0"/>
						<line number="817" hits="0"/>
						<line number="819" hits="0" branch="true" condition-coverage="0% (0/2)" missing-branches="820,821"/>
						<line number="820" hits="0"/>
						<line number="821" hits="0" branch="true" condition-coverage="0% (0/2)" missing-branches="822,823"/>
						<line number="822" hits="0"/>
						<line number="823" hits="0" branch="true" condition-coverage="0% (0/2)" missing-branches="824,826"/>
						<line number="824" hits="0"/>
						<line number="826" hits="0"/>
						<line number="834" hits="0"/>
						<line number="836" hits="0"/>
						<line number="846" hits="0" branch="true" condition-coverage="0% (0/2)" missing-branches="848,933"/>
						<line number="848" hits="0"/>
						<line number="849" hits="0"/>
						<line number="851" hits="0"/>
						<line number="853" hits="0" branch="true" condition-coverage="0% (0/2)" missing-branches="854,855"/>
						<line number="854" hits="0"/>
						<line number="855" hits="0" branch="true" condition-coverage="0% (0/2)" missing-branches="856,857"/>
						<line number="856" hits="0"/>
						<line number="857" hits="0" branch="true" condition-coverage="0% (0/2)" missing-branches="858,860"/>
						<line number="858" hits="0"/>
						<line number="860" hits="0"/>
						<line number="862" hits="0"/>
						<line number="865" hits="0" branch="true" condition-coverage="0% (0/2)" missing-branches="exit,866"/>
						<line number="866" hits="0"/>
						<line number="869" hits="0"/>
						<line number="872" hits="0" branch="true" condition-coverage="0% (0/2)" missing-branches="874,909"/>
						<line number="874" hits="0"/>
						<line number="877" hits="0"/>
						<line number="880" hits="0"/>
						<line number="883" hits="0"/>
						<line number="889" hits="0"/>
						<line number="894" hits="0"/>
						<line number="895" hits="0"/>
						<line number="898" hits="0"/>
						<line number="907" hits="0"/>
						<line number="909" hits="0"/>
						<line number="911" hits="0"/>
						<line number="920" hits="0"/>
						<line number="922" hits="0"/>
						<line number="933" hits="0"/>
						<line number="935" hits="0" branch="true" condition-coverage="0% (0/2)" missing-branches="936,937"/>
						<line number="936" hits="0"/>
						<line number="937" hits="0" branch="true" condition-coverage="0% (0/2)" missing-branches="938,940"/>
						<line number="938" hits="0"/>
						<line number="940" hits="0"/>
						<line number="943" hits="1"/>
						<line number="967" hits="0"/>
						<line number="976" hits="0"/>
						<line number="983" hits="0"/>
						<line number="986" hits="0"/>
						<line number="989" hits="0"/>
						<line number="990" hits="0"/>
						<line number="996" hits="0" branch="true" condition-coverage="0% (0/2)" missing-branches="997,1022"/>
						<line number="997" hits="0"/>
						<line number="1001" hits="0"/>
						<line number="1008" hits="0" branch="true" condition-coverage="0% (0/2)" missing-branches="1009,1015"/>
						<line number="1009" hits="0"/>
						<line number="1015" hits="0" branch="true" condition-coverage="0% (0/2)" missing-branches="1016,1020"/>
						<line number="1016" hits="0"/>
						<line number="1020" hits="0"/>
						<line number="1022" hits="0"/>
						<line number="1025" hits="1"/>
						<line number="1059" hits="0"/>
						<line number="1062" hits="0"/>
						<line number="1064" hits="0"/>
						<line number="1066" hits="0"/>
						<line number="1068" hits="0" branch="true" condition-coverage="0% (0/2)" missing-branches="1070,1111"/>
						<line number="1070" hits="0"/>
						<line number="1076" hits="0"/>
						<line number="1077" hits="0"/>
						<line number="1080" hits="0"/>
						<line number="1087" hits="0"/>
						<line number="1090" hits="0"/>
						<line number="1093" hits="0"/>
						<line number="1096" hits="0"/>
						<line number="1097" hits="0"/>
						<line number="1100" hits="0"/>
						<line number="1109" hits="0"/>
						<line number="1111" hits="0"/>
						<line number="1114" hits="0"/>
						<line number="1116" hits="0"/>
						<line number="1118" hits="0"/>
						<line number="1120" hits="0" branch="true" condition-coverage="0% (0/2)" missing-branches="1122,1165"/>
						<line number="1122" hits="0"/>
						<line number="1128" hits="0"/>
						<line number="1129" hits="0"/>
						<line number="1132" hits="0"/>
						<line number="1141" hits="0"/>
						<line number="1144" hits="0"/>
						<line number="1147" hits="0"/>
						<line number="1150" hits="0"/>
						<line number="1151" hits="0"/>
						<line number="1154" hits="0"/>
						<line number="1163" hits="0"/>
						<line number="1165" hits="0"/>
						<line number="1167" hits="0" branch="true" condition-coverage="0% (0/2)" missing-branches="1168,1171"/>
						<line number="1168" hits="0"/>
						<line number="1171" hits="0" branch="true" condition-coverage="0% (0/2)" missing-branches="1172,1176"/>
						<line number="1172" hits="0"/>
						<line number="1173" hits="0"/>
						<line number="1174" hits="0"/>
						<line number="1175" hits="0"/>
						<line number="1176" hits="0" branch="true" condition-coverage="0% (0/2)" missing-branches="1177,1183"/>
						<line number="1177" hits="0"/>
						<line number="1178" hits="0"/>
						<line number="1179" hits="0"/>
						<line number="1180" hits="0"/>
						<line number="1181" hits="0"/>
						<line number="1183" hits="0" branch="true" condition-coverage="0% (0/2)" missing-branches="1184,1185"/>
						<line number="1184" hits="0"/>
						<line number="1185" hits="0" branch="true" condition-coverage="0% (0/2)" missing-branches="1186,1188"/>
						<line number="1186" hits="0"/>
						<line number="1188" hits="0" branch="true" condition-coverage="0% (0/2)" missing-branches="1189,1197"/>
						<line number="1189" hits="0"/>
						<line number="1197" hits="0" branch="true" condition-coverage="0% (0/2)" missing-branches="1198,1207"/>
						<line number="1198" hits="0"/>
						<line number="1207" hits="0"/>
						<line number="1209" hits="0"/>
						<line number="1211" hits="0"/>
						<line number="1221" hits="0" branch="true" condition-coverage="0% (0/2)" missing-branches="1222,1223"/>
						<line number="1222" hits="0"/>
						<line number="1223" hits="0" branch="true" condition-coverage="0% (0/2)" missing-branches="1224,1226"/>
						<line number="1224" hits="0"/>
						<line number="1226" hits="0"/>
						<line number="1229" hits="1"/>
						<line number="1285" hits="0"/>
						<line number="1286" hits="0"/>
						<line number="1287" hits="0"/>
						<line number="1289" hits="0" branch="true" condition-coverage="0% (0/2)" missing-branches="1290,1291"/>
						<line number="1290" hits="0"/>
						<line number="1291" hits="0" branch="true" condition-coverage="0% (0/2)" missing-branches="1292,1293"/>
						<line number="1292" hits="0"/>
						<line number="1293" hits="0" branch="true" condition-coverage="0% (0/2)" missing-branches="1294,1297"/>
						<line number="1294" hits="0"/>
						<line number="1297" hits="0"/>
						<line number="1302" hits="0"/>
						<line number="1312" hits="0" branch="true" condition-coverage="0% (0/2)" missing-branches="1313,1318"/>
						<line number="1313" hits="0"/>
						<line number="1314" hits="0"/>
						<line number="1316" hits="0"/>
						<line number="1318" hits="0" branch="true" condition-coverage="0% (0/2)" missing-branches="1329,1332"/>
						<line number="1329" hits="0"/>
						<line number="1332" hits="0"/>
						<line number="1335" hits="0" branch="true" condition-coverage="0% (0/2)" missing-branches="1336,1357"/>
						<line number="1336" hits="0" branch="true" condition-coverage="0% (0/2)" missing-branches="1337,1351"/>
						<line number="1337" hits="0"/>
						<line number="1338" hits="0"/>
						<line number="1339" hits="0"/>
						<line number="1350" hits="0"/>
						<line number="1351" hits="0" branch="true" condition-coverage="0% (0/2)" missing-branches="1352,1354"/>
						<line number="1352" hits="0"/>
						<line number="1354" hits="0"/>
						<line number="1357" hits="0"/>
						<line number="1368" hits="0" branch="true" condition-coverage="0% (0/2)" missing-branches="1369,1370"/>
						<line number="1369" hits="0"/>
						<line number="1370" hits="0" branch="true" condition-coverage="0% (0/2)" missing-branches="1371,1373"/>
						<line number="1371" hits="0"/>
						<line number="1373" hits="0"/>
						<line number="1376" hits="1"/>
						<line number="1418" hits="0" branch="true" condition-coverage="0% (0/2)" missing-branches="1419,1452"/>
						<line number="1419" hits="0"/>
						<line number="1427" hits="0"/>
						<line number="1434" hits="0"/>
						<line number="1447" hits="0"/>
						<line number="1452" hits="0" branch="true" condition-coverage="0% (0/2)" missing-branches="1453,1455"/>
						<line number="1453" hits="0"/>
						<line number="1455" hits="0" branch="true" condition-coverage="0% (0/2)" missing-branches="1456,1458"/>
						<line number="1456" hits="0"/>
						<line number="1458" hits="0"/>
						<line number="1461" hits="0" branch="true" condition-coverage="0% (0/2)" missing-branches="1462,1464"/>
						<line number="1462" hits="0"/>
						<line number="1464" hits="0" branch="true" condition-coverage="0% (0/2)" missing-branches="1466,1482"/>
						<line number="1466" hits="0"/>
						<line number="1472" hits="0"/>
						<line number="1480" hits="0"/>
						<line number="1482" hits="0"/>
						<line number="1485" hits="1"/>
						<line number="1548" hits="0"/>
						<line number="1558" hits="0" branch="true" condition-coverage="0% (0/2)" missing-branches="1559,1563"/>
						<line number="1559" hits="0"/>
						<line number="1560" hits="0"/>
						<line number="1561" hits="0"/>
						<line number="1563" hits="0" branch="true" condition-coverage="0% (0/2)" missing-branches="1564,1568"/>
						<line number="1564" hits="0"/>
						<line number="1565" hits="0"/>
						<line number="1566" hits="0"/>
						<line number="1568" hits="0" branch="true" condition-coverage="0% (0/2)" missing-branches="1579,1584"/>
						<line number="1579" hits="0"/>
						<line number="1580" hits="0"/>
						<line number="1581" hits="0"/>
						<line number="1584" hits="0"/>
						<line number="1586" hits="0" branch="true" condition-coverage="0% (0/2)" missing-branches="1587,1588"/>
						<line number="1587" hits="0"/>
						<line number="1588" hits="0" branch="true" condition-coverage="0% (0/2)" missing-branches="1589,1590"/>
						<line number="1589" hits="0"/>
						<line number="1590" hits="0" branch="true" condition-coverage="0% (0/2)" missing-branches="1591,1593"/>
						<line number="1591" hits="0"/>
						<line number="1593" hits="0"/>
						<line number="1596" hits="0" branch="true" condition-coverage="0% (0/2)" missing-branches="1597,1599"/>
						<line number="1597" hits="0"/>
						<line number="1599" hits="0"/>
						<line number="1600" hits="0"/>
						<line number="1607" hits="0"/>
						<line number="1610" hits="0"/>
						<line number="1613" hits="0" branch="true" condition-coverage="0% (0/2)" missing-branches="1615,1632"/>
						<line number="1615" hits="0"/>
						<line number="1623" hits="0"/>
						<line number="1626" hits="0"/>
						<line number="1627" hits="0"/>
						<line number="1632" hits="0"/>
						<line number="1635" hits="0" branch="true" condition-coverage="0% (0/2)" missing-branches="1637,1668"/>
						<line number="1637" hits="0"/>
						<line number="1638" hits="0"/>
						<line number="1647" hits="0"/>
						<line number="1649" hits="0"/>
						<line number="1651" hits="0"/>
						<line number="1660" hits="0"/>
						<line number="1663" hits="0"/>
						<line number="1666" hits="0"/>
						<line number="1668" hits="0" branch="true" condition-coverage="0% (0/2)" missing-branches="1682,1694"/>
						<line number="1682" hits="0"/>
						<line number="1691" hits="0"/>
						<line number="1694" hits="0"/>
						<line number="1697" hits="0" branch="true" condition-coverage="0% (0/2)" missing-branches="1698,1704"/>
						<line number="1698" hits="0" branch="true" condition-coverage="0% (0/2)" missing-branches="1701,1704"/>
						<line number="1701" hits="0"/>
						<line number="1704" hits="0" branch="true" condition-coverage="0% (0/2)" missing-branches="1705,1755"/>
						<line number="1705" hits="0" branch="true" condition-coverage="0% (0/2)" missing-branches="1706,1722"/>
						<line number="1706" hits="0"/>
						<line number="1708" hits="0"/>
						<line number="1709" hits="0"/>
						<line number="1718" hits="0"/>
						<line number="1721" hits="0"/>
						<line number="1722" hits="0" branch="true" condition-coverage="0% (0/2)" missing-branches="1723,1749"/>
						<line number="1723" hits="0"/>
						<line number="1725" hits="0"/>
						<line number="1726" hits="0"/>
						<line number="1735" hits="0"/>
						<line number="1738" hits="0"/>
						<line number="1741" hits="0"/>
						<line number="1748" hits="0"/>
						<line number="1749" hits="0" branch="true" condition-coverage="0% (0/2)" missing-branches="1750,1752"/>
						<line number="1750" hits="0"/>
						<line number="1752" hits="0"/>
						<line number="1755" hits="0"/>
						<line number="1766" hits="0" branch="true" condition-coverage="0% (0/2)" missing-branches="1767,1768"/>
						<line number="1767" hits="0"/>
						<line number="1768" hits="0" branch="true" condition-coverage="0% (0/2)" missing-branches="1769,1771"/>
						<line number="1769" hits="0"/>
						<line number="1771" hits="0"/>
						<line number="1774" hits="1"/>
						<line number="1813" hits="0" branch="true" condition-coverage="0% (0/2)" missing-branches="1815,1825"/>
						<line number="1815" hits="0"/>
						<line number="1816" hits="0"/>
						<line number="1817" hits="0"/>
						<line number="1819" hits="0"/>
						<line number="1823" hits="0"/>
						<line number="1824" hits="0"/>
						<line number="1825" hits="0" branch="true" condition-coverage="0% (0/2)" missing-branches="1827,1838"/>
						<line number="1827" hits="0"/>
						<line number="1828" hits="0"/>
						<line number="1829" hits="0"/>
						<line number="1831" hits="0"/>
						<line number="1835" hits="0"/>
						<line number="1836" hits="0"/>
						<line number="1838" hits="0"/>
						<line number="1840" hits="0" branch="true" condition-coverage="0% (0/2)" missing-branches="1841,1842"/>
						<line number="1841" hits="0"/>
						<line number="1842" hits="0" branch="true" condition-coverage="0% (0/2)" missing-branches="1843,1844"/>
						<line number="1843" hits="0"/>
						<line number="1844" hits="0" branch="true" condition-coverage="0% (0/2)" missing-branches="1845,1847"/>
						<line number="1845" hits="0"/>
						<line number="1847" hits="0"/>
						<line number="1850" hits="0"/>
						<line number="1852" hits="0"/>
						<line number="1854" hits="0"/>
						<line number="1857" hits="0" branch="true" condition-coverage="0% (0/2)" missing-branches="1859,1875"/>
						<line number="1859" hits="0" branch="true" condition-coverage="0% (0/2)" missing-branches="1862,1875"/>
						<line number="1862" hits="0"/>
						<line number="1865" hits="0"/>
						<line number="1866" hits="0"/>
						<line number="1870" hits="0"/>
						<line number="1875" hits="0"/>
						<line number="1878" hits="0"/>
						<line number="1888" hits="0"/>
						<line number="1890" hits="0"/>
						<line number="1900" hits="0" branch="true" condition-coverage="0% (0/2)" missing-branches="1901,1902"/>
						<line number="1901" hits="0"/>
						<line number="1902" hits="0" branch="true" condition-coverage="0% (0/2)" missing-branches="1903,1905"/>
						<line number="1903" hits="0"/>
						<line number="1905" hits="0"/>
						<line number="1908" hits="1"/>
						<line number="1938" hits="0"/>
						<line number="1939" hits="0"/>
						<line number="1940" hits="0"/>
						<line number="1942" hits="0" branch="true" condition-coverage="0% (0/2)" missing-branches="1943,1944"/>
						<line number="1943" hits="0"/>
						<line number="1944" hits="0" branch="true" condition-coverage="0% (0/2)" missing-branches="1945,1946"/>
						<line number="1945" hits="0"/>
						<line number="1946" hits="0" branch="true" condition-coverage="0% (0/2)" missing-branches="1947,1949"/>
						<line number="1947" hits="0"/>
						<line number="1949" hits="0"/>
						<line number="1957" hits="0"/>
						<line number="1959" hits="0"/>
						<line number="1969" hits="0" branch="true" condition-coverage="0% (0/2)" missing-branches="1970,1971"/>
						<line number="1970" hits="0"/>
						<line number="1971" hits="0" branch="true" condition-coverage="0% (0/2)" missing-branches="1972,1974"/>
						<line number="1972" hits="0"/>
						<line number="1974" hits="0"/>
						<line number="1977" hits="1"/>
						<line number="2033" hits="1"/>
						<line number="2035" hits="1" branch="true" condition-coverage="50% (1/2)" missing-branches="2080"/>
						<line number="2037" hits="1"/>
						<line number="2038" hits="1"/>
						<line number="2039" hits="1"/>
						<line number="2041" hits="1" branch="true" condition-coverage="50% (1/2)" missing-branches="2043"/>
						<line number="2042" hits="1"/>
						<line number="2043" hits="1" branch="true" condition-coverage="50% (1/2)" missing-branches="2045"/>
						<line number="2044" hits="1"/>
						<line number="2045" hits="1" branch="true" condition-coverage="50% (1/2)" missing-branches="2048"/>
						<line number="2046" hits="1"/>
						<line number="2048" hits="1"/>
						<line number="2056" hits="1" branch="true" condition-coverage="50% (1/2)" missing-branches="2058"/>
						<line number="2057" hits="1"/>
						<line number="2058" hits="0" branch="true" condition-coverage="0% (0/2)" missing-branches="2059,2061"/>
						<line number="2059" hits="0"/>
						<line number="2061" hits="0"/>
						<line number="2063" hits="1"/>
						<line number="2066" hits="1"/>
						<line number="2067" hits="1"/>
						<line number="2068" hits="1"/>
						<line number="2070" hits="1"/>
						<line number="2080" hits="0" branch="true" condition-coverage="0% (0/2)" missing-branches="2082,2161"/>
						<line number="2082" hits="0"/>
						<line number="2083" hits="0"/>
						<line number="2084" hits="0"/>
						<line number="2086" hits="0" branch="true" condition-coverage="0% (0/2)" missing-branches="2087,2088"/>
						<line number="2087" hits="0"/>
						<line number="2088" hits="0" branch="true" condition-coverage="0% (0/2)" missing-branches="2089,2090"/>
						<line number="2089" hits="0"/>
						<line number="2090" hits="0" branch="true" condition-coverage="0% (0/2)" missing-branches="2091,2093"/>
						<line number="2091" hits="0"/>
						<line number="2093" hits="0"/>
						<line number="2094" hits="0" branch="true" condition-coverage="0% (0/2)" missing-branches="2095,2097"/>
						<line number="2095" hits="0"/>
						<line number="2097" hits="0"/>
						<line number="2099" hits="0"/>
						<line number="2100" hits="0" branch="true" condition-coverage="0% (0/2)" missing-branches="exit,2101"/>
						<line number="2101" hits="0"/>
						<line number="2104" hits="0"/>
						<line number="2105" hits="0"/>
						<line number="2108" hits="0" branch="true" condition-coverage="0% (0/2)" missing-branches="2110,2138"/>
						<line number="2110" hits="0"/>
						<line number="2117" hits="0"/>
						<line number="2118" hits="0"/>
						<line number="2123" hits="0"/>
						<line number="2129" hits="0"/>
						<line number="2137" hits="0"/>
						<line number="2138" hits="0"/>
						<line number="2140" hits="0"/>
						<line number="2149" hits="0"/>
						<line number="2151" hits="0"/>
						<line number="2161" hits="0" branch="true" condition-coverage="0% (0/2)" missing-branches="2162,2222"/>
						<line number="2162" hits="0"/>
						<line number="2163" hits="0"/>
						<line number="2164" hits="0"/>
						<line number="2166" hits="0" branch="true" condition-coverage="0% (0/2)" missing-branches="2167,2168"/>
						<line number="2167" hits="0"/>
						<line number="2168" hits="0" branch="true" condition-coverage="0% (0/2)" missing-branches="2169,2170"/>
						<line number="2169" hits="0"/>
						<line number="2170" hits="0" branch="true" condition-coverage="0% (0/2)" missing-branches="2171,2173"/>
						<line number="2171" hits="0"/>
						<line number="2173" hits="0"/>
						<line number="2175" hits="0"/>
						<line number="2177" hits="0"/>
						<line number="2179" hits="0" branch="true" condition-coverage="0% (0/2)" missing-branches="2181,2198"/>
						<line number="2181" hits="0"/>
						<line number="2184" hits="0"/>
						<line number="2190" hits="0"/>
						<line number="2197" hits="0"/>
						<line number="2198" hits="0"/>
						<line number="2200" hits="0"/>
						<line number="2209" hits="0"/>
						<line number="2211" hits="0"/>
						<line number="2222" hits="0"/>
						<line number="2224" hits="1" branch="true" condition-coverage="50% (1/2)" missing-branches="2225"/>
						<line number="2225" hits="0"/>
						<line number="2226" hits="1" branch="true" condition-coverage="50% (1/2)" missing-branches="2227"/>
						<line number="2227" hits="0"/>
						<line number="2229" hits="1"/>
						<line number="2232" hits="1"/>
						<line number="2263" hits="0"/>
						<line number="2264" hits="0"/>
						<line number="2265" hits="0"/>
						<line number="2267" hits="0" branch="true" condition-coverage="0% (0/2)" missing-branches="2268,2269"/>
						<line number="2268" hits="0"/>
						<line number="2269" hits="0" branch="true" condition-coverage="0% (0/2)" missing-branches="2270,2271"/>
						<line number="2270" hits="0"/>
						<line number="2271" hits="0" branch="true" condition-coverage="0% (0/2)" missing-branches="2272,2274"/>
						<line number="2272" hits="0"/>
						<line number="2274" hits="0"/>
						<line number="2276" hits="0"/>
						<line number="2278" hits="0"/>
						<line number="2280" hits="0" branch="true" condition-coverage="0% (0/2)" missing-branches="2282,2299"/>
						<line number="2282" hits="0"/>
						<line number="2285" hits="0"/>
						<line number="2291" hits="0"/>
						<line number="2298" hits="0"/>
						<line number="2299" hits="0"/>
						<line number="2301" hits="0"/>
						<line number="2310" hits="0"/>
						<line number="2312" hits="0"/>
						<line number="2322" hits="0" branch="true" condition-coverage="0% (0/2)" missing-branches="2323,2324"/>
						<line number="2323" hits="0"/>
						<line number="2324" hits="0" branch="true" condition-coverage="0% (0/2)" missing-branches="2325,2327"/>
						<line number="2325" hits="0"/>
						<line number="2327" hits="0"/>
						<line number="2330" hits="1"/>
						<line number="2366" hits="0"/>
						<line number="2367" hits="0"/>
						<line number="2368" hits="0"/>
						<line number="2370" hits="0" branch="true" condition-coverage="0% (0/2)" missing-branches="2371,2372"/>
						<line number="2371" hits="0"/>
						<line number="2372" hits="0" branch="true" condition-coverage="0% (0/2)" missing-branches="2373,2374"/>
						<line number="2373" hits="0"/>
						<line number="2374" hits="0" branch="true" condition-coverage="0% (0/2)" missing-branches="2375,2377"/>
						<line number="2375" hits="0"/>
						<line number="2377" hits="0"/>
						<line number="2379" hits="0"/>
						<line number="2381" hits="0"/>
						<line number="2383" hits="0" branch="true" condition-coverage="0% (0/2)" missing-branches="2385,2402"/>
						<line number="2385" hits="0"/>
						<line number="2388" hits="0"/>
						<line number="2394" hits="0"/>
						<line number="2401" hits="0"/>
						<line number="2402" hits="0"/>
						<line number="2404" hits="0"/>
						<line number="2413" hits="0"/>
						<line number="2415" hits="0"/>
						<line number="2426" hits="0" branch="true" condition-coverage="0% (0/2)" missing-branches="2427,2428"/>
						<line number="2427" hits="0"/>
						<line number="2428" hits="0" branch="true" condition-coverage="0% (0/2)" missing-branches="2429,2431"/>
						<line number="2429" hits="0"/>
						<line number="2431" hits="0"/>
						<line number="2434" hits="1"/>
						<line number="2467" hits="1" branch="true" condition-coverage="50% (1/2)" missing-branches="2468"/>
						<line number="2468" hits="0"/>
						<line number="2477" hits="0" branch="true" condition-coverage="0% (0/2)" missing-branches="exit,2480"/>
						<line number="2480" hits="0"/>
						<line number="2482" hits="1"/>
						<line number="2490" hits="1"/>
						<line number="2493" hits="1"/>
						<line number="2494" hits="1"/>
						<line number="2497" hits="1"/>
						<line number="2499" hits="1"/>
						<line number="2502" hits="1"/>
						<line number="2543" hits="0" branch="true" condition-coverage="0% (0/2)" missing-branches="2545,2634"/>
						<line number="2545" hits="0"/>
						<line number="2546" hits="0"/>
						<line number="2547" hits="0"/>
						<line number="2549" hits="0" branch="true" condition-coverage="0% (0/2)" missing-branches="2550,2551"/>
						<line number="2550" hits="0"/>
						<line number="2551" hits="0" branch="true" condition-coverage="0% (0/2)" missing-branches="2552,2553"/>
						<line number="2552" hits="0"/>
						<line number="2553" hits="0" branch="true" condition-coverage="0% (0/2)" missing-branches="2554,2556"/>
						<line number="2554" hits="0"/>
						<line number="2556" hits="0"/>
						<line number="2558" hits="0"/>
						<line number="2559" hits="0"/>
						<line number="2562" hits="0"/>
						<line number="2563" hits="0"/>
						<line number="2566" hits="0" branch="true" condition-coverage="0% (0/2)" missing-branches="2568,2597"/>
						<line number="2568" hits="0"/>
						<line number="2576" hits="0"/>
						<line number="2577" hits="0"/>
						<line number="2582" hits="0"/>
						<line number="2588" hits="0"/>
						<line number="2596" hits="0"/>
						<line number="2597" hits="0"/>
						<line number="2599" hits="0"/>
						<line number="2608" hits="0"/>
						<line number="2610" hits="0"/>
						<line number="2634" hits="0" branch="true" condition-coverage="0% (0/2)" missing-branches="2635,2647"/>
						<line number="2635" hits="0"/>
						<line number="2636" hits="0"/>
						<line number="2637" hits="0"/>
						<line number="2645" hits="0"/>
						<line number="2647" hits="0"/>
						<line number="2649" hits="0" branch="true" condition-coverage="0% (0/2)" missing-branches="2650,2651"/>
						<line number="2650" hits="0"/>
						<line number="2651" hits="0" branch="true" condition-coverage="0% (0/2)" missing-branches="2652,2654"/>
						<line number="2652" hits="0"/>
						<line number="2654" hits="0"/>
						<line number="2657" hits="1"/>
						<line number="2725" hits="0" branch="true" condition-coverage="0% (0/2)" missing-branches="2727,2797"/>
						<line number="2727" hits="0"/>
						<line number="2728" hits="0"/>
						<line number="2729" hits="0"/>
						<line number="2731" hits="0" branch="true" condition-coverage="0% (0/2)" missing-branches="2732,2733"/>
						<line number="2732" hits="0"/>
						<line number="2733" hits="0" branch="true" condition-coverage="0% (0/2)" missing-branches="2734,2735"/>
						<line number="2734" hits="0"/>
						<line number="2735" hits="0" branch="true" condition-coverage="0% (0/2)" missing-branches="2736,2738"/>
						<line number="2736" hits="0"/>
						<line number="2738" hits="0"/>
						<line number="2740" hits="0"/>
						<line number="2741" hits="0"/>
						<line number="2744" hits="0"/>
						<line number="2745" hits="0"/>
						<line number="2748" hits="0" branch="true" condition-coverage="0% (0/2)" missing-branches="2750,2774"/>
						<line number="2750" hits="0"/>
						<line number="2753" hits="0"/>
						<line number="2756" hits="0"/>
						<line number="2759" hits="0"/>
						<line number="2762" hits="0"/>
						<line number="2763" hits="0"/>
						<line number="2766" hits="0"/>
						<line number="2774" hits="0"/>
						<line number="2776" hits="0"/>
						<line number="2785" hits="0"/>
						<line number="2787" hits="0"/>
						<line number="2797" hits="0" branch="true" condition-coverage="0% (0/2)" missing-branches="2799,2858"/>
						<line number="2799" hits="0"/>
						<line number="2800" hits="0"/>
						<line number="2801" hits="0"/>
						<line number="2803" hits="0" branch="true" condition-coverage="0% (0/2)" missing-branches="2804,2805"/>
						<line number="2804" hits="0"/>
						<line number="2805" hits="0" branch="true" condition-coverage="0% (0/2)" missing-branches="2806,2807"/>
						<line number="2806" hits="0"/>
						<line number="2807" hits="0" branch="true" condition-coverage="0% (0/2)" missing-branches="2808,2810"/>
						<line number="2808" hits="0"/>
						<line number="2810" hits="0"/>
						<line number="2812" hits="0"/>
						<line number="2815" hits="0"/>
						<line number="2816" hits="0"/>
						<line number="2819" hits="0" branch="true" condition-coverage="0% (0/2)" missing-branches="2821,2835"/>
						<line number="2821" hits="0"/>
						<line number="2826" hits="0"/>
						<line number="2834" hits="0"/>
						<line number="2835" hits="0"/>
						<line number="2837" hits="0"/>
						<line number="2846" hits="0"/>
						<line number="2848" hits="0"/>
						<line number="2858" hits="0" branch="true" condition-coverage="0% (0/2)" missing-branches="2860,2941"/>
						<line number="2860" hits="0"/>
						<line number="2861" hits="0"/>
						<line number="2862" hits="0"/>
						<line number="2864" hits="0" branch="true" condition-coverage="0% (0/2)" missing-branches="2865,2866"/>
						<line number="2865" hits="0"/>
						<line number="2866" hits="0" branch="true" condition-coverage="0% (0/2)" missing-branches="2867,2868"/>
						<line number="2867" hits="0"/>
						<line number="2868" hits="0" branch="true" condition-coverage="0% (0/2)" missing-branches="2869,2871"/>
						<line number="2869" hits="0"/>
						<line number="2871" hits="0"/>
						<line number="2880" hits="0" branch="true" condition-coverage="0% (0/2)" missing-branches="2881,2917"/>
						<line number="2881" hits="0" branch="true" condition-coverage="0% (0/2)" missing-branches="exit,2882"/>
						<line number="2882" hits="0"/>
						<line number="2883" hits="0"/>
						<line number="2885" hits="0"/>
						<line number="2888" hits="0"/>
						<line number="2891" hits="0"/>
						<line number="2894" hits="0"/>
						<line number="2906" hits="0"/>
						<line number="2909" hits="0"/>
						<line number="2910" hits="0"/>
						<line number="2915" hits="0"/>
						<line number="2917" hits="0" branch="true" condition-coverage="0% (0/2)" missing-branches="2918,3133"/>
						<line number="2918" hits="0" branch="true" condition-coverage="0% (0/2)" missing-branches="exit,2921"/>
						<line number="2921" hits="0"/>
						<line number="2922" hits="0"/>
						<line number="2926" hits="0"/>
						<line number="2927" hits="0"/>
						<line number="2929" hits="0"/>
						<line number="2931" hits="0"/>
						<line number="2941" hits="0" branch="true" condition-coverage="0% (0/2)" missing-branches="2943,3021"/>
						<line number="2943" hits="0"/>
						<line number="2944" hits="0"/>
						<line number="2945" hits="0"/>
						<line number="2947" hits="0" branch="true" condition-coverage="0% (0/2)" missing-branches="2948,2949"/>
						<line number="2948" hits="0"/>
						<line number="2949" hits="0" branch="true" condition-coverage="0% (0/2)" missing-branches="2950,2951"/>
						<line number="2950" hits="0"/>
						<line number="2951" hits="0" branch="true" condition-coverage="0% (0/2)" missing-branches="2952,2954"/>
						<line number="2952" hits="0"/>
						<line number="2954" hits="0"/>
						<line number="2956" hits="0"/>
						<line number="2959" hits="0"/>
						<line number="2960" hits="0"/>
						<line number="2963" hits="0" branch="true" condition-coverage="0% (0/2)" missing-branches="2965,2998"/>
						<line number="2965" hits="0"/>
						<line number="2968" hits="0"/>
						<line number="2975" hits="0"/>
						<line number="2984" hits="0"/>
						<line number="2990" hits="0"/>
						<line number="2998" hits="0"/>
						<line number="3000" hits="0"/>
						<line number="3009" hits="0"/>
						<line number="3011" hits="0"/>
						<line number="3021" hits="0" branch="true" condition-coverage="0% (0/2)" missing-branches="3023,3055"/>
						<line number="3023" hits="0"/>
						<line number="3024" hits="0"/>
						<line number="3025" hits="0"/>
						<line number="3027" hits="0" branch="true" condition-coverage="0% (0/2)" missing-branches="3028,3029"/>
						<line number="3028" hits="0"/>
						<line number="3029" hits="0" branch="true" condition-coverage="0% (0/2)" missing-branches="3030,3031"/>
						<line number="3030" hits="0"/>
						<line number="3031" hits="0" branch="true" condition-coverage="0% (0/2)" missing-branches="3032,3034"/>
						<line number="3032" hits="0"/>
						<line number="3034" hits="0"/>
						<line number="3041" hits="0"/>
						<line number="3043" hits="0"/>
						<line number="3045" hits="0"/>
						<line number="3055" hits="0" branch="true" condition-coverage="0% (0/2)" missing-branches="3057,3131"/>
						<line number="3057" hits="0"/>
						<line number="3058" hits="0"/>
						<line number="3059" hits="0"/>
						<line number="3061" hits="0" branch="true" condition-coverage="0% (0/2)" missing-branches="3062,3063"/>
						<line number="3062" hits="0"/>
						<line number="3063" hits="0" branch="true" condition-coverage="0% (0/2)" missing-branches="3064,3065"/>
						<line number="3064" hits="0"/>
						<line number="3065" hits="0" branch="true" condition-coverage="0% (0/2)" missing-branches="3066,3068"/>
						<line number="3066" hits="0"/>
						<line number="3068" hits="0"/>
						<line number="3070" hits="0"/>
						<line number="3073" hits="0"/>
						<line number="3074" hits="0"/>
						<line number="3077" hits="0" branch="true" condition-coverage="0% (0/2)" missing-branches="3079,3107"/>
						<line number="3079" hits="0"/>
						<line number="3086" hits="0"/>
						<line number="3087" hits="0"/>
						<line number="3092" hits="0"/>
						<line number="3098" hits="0"/>
						<line number="3106" hits="0"/>
						<line number="3107" hits="0"/>
						<line number="3109" hits="0"/>
						<line number="3118" hits="0"/>
						<line number="3120" hits="0"/>
						<line number="3131" hits="0"/>
						<line number="3133" hits="0" branch="true" condition-coverage="0% (0/2)" missing-branches="3134,3135"/>
						<line number="3134" hits="0"/>
						<line number="3135" hits="0" branch="true" condition-coverage="0% (0/2)" missing-branches="3136,3138"/>
						<line number="3136" hits="0"/>
						<line number="3138" hits="0"/>
						<line number="3141" hits="1"/>
						<line number="3178" hits="0" branch="true" condition-coverage="0% (0/2)" missing-branches="3180,3211"/>
						<line number="3180" hits="0"/>
						<line number="3181" hits="0"/>
						<line number="3182" hits="0"/>
						<line number="3184" hits="0" branch="true" condition-coverage="0% (0/2)" missing-branches="3185,3186"/>
						<line number="3185" hits="0"/>
						<line number="3186" hits="0" branch="true" condition-coverage="0% (0/2)" missing-branches="3187,3188"/>
						<line number="3187" hits="0"/>
						<line number="3188" hits="0" branch="true" condition-coverage="0% (0/2)" missing-branches="3189,3191"/>
						<line number="3189" hits="0"/>
						<line number="3191" hits="0"/>
						<line number="3198" hits="0"/>
						<line number="3200" hits="0"/>
						<line number="3211" hits="0"/>
						<line number="3213" hits="0" branch="true" condition-coverage="0% (0/2)" missing-branches="3214,3215"/>
						<line number="3214" hits="0"/>
						<line number="3215" hits="0" branch="true" condition-coverage="0% (0/2)" missing-branches="3216,3218"/>
						<line number="3216" hits="0"/>
						<line number="3218" hits="0"/>
						<line number="3221" hits="1"/>
						<line number="3271" hits="0" branch="true" condition-coverage="0% (0/2)" missing-branches="3273,3349"/>
						<line number="3273" hits="0"/>
						<line number="3274" hits="0"/>
						<line number="3275" hits="0"/>
						<line number="3277" hits="0" branch="true" condition-coverage="0% (0/2)" missing-branches="3278,3279"/>
						<line number="3278" hits="0"/>
						<line number="3279" hits="0" branch="true" condition-coverage="0% (0/2)" missing-branches="3280,3281"/>
						<line number="3280" hits="0"/>
						<line number="3281" hits="0" branch="true" condition-coverage="0% (0/2)" missing-branches="3282,3284"/>
						<line number="3282" hits="0"/>
						<line number="3284" hits="0"/>
						<line number="3286" hits="0"/>
						<line number="3289" hits="0"/>
						<line number="3290" hits="0"/>
						<line number="3293" hits="0" branch="true" condition-coverage="0% (0/2)" missing-branches="3295,3326"/>
						<line number="3295" hits="0"/>
						<line number="3302" hits="0"/>
						<line number="3305" hits="0"/>
						<line number="3306" hits="0"/>
						<line number="3311" hits="0"/>
						<line number="3317" hits="0"/>
						<line number="3325" hits="0"/>
						<line number="3326" hits="0"/>
						<line number="3328" hits="0"/>
						<line number="3337" hits="0"/>
						<line number="3339" hits="0"/>
						<line number="3349" hits="0" branch="true" condition-coverage="0% (0/2)" missing-branches="3351,3420"/>
						<line number="3351" hits="0"/>
						<line number="3352" hits="0"/>
						<line number="3353" hits="0"/>
						<line number="3355" hits="0" branch="true" condition-coverage="0% (0/2)" missing-branches="3356,3357"/>
						<line number="3356" hits="0"/>
						<line number="3357" hits="0" branch="true" condition-coverage="0% (0/2)" missing-branches="3358,3359"/>
						<line number="3358" hits="0"/>
						<line number="3359" hits="0" branch="true" condition-coverage="0% (0/2)" missing-branches="3360,3362"/>
						<line number="3360" hits="0"/>
						<line number="3362" hits="0"/>
						<line number="3364" hits="0"/>
						<line number="3367" hits="0"/>
						<line number="3369" hits="0"/>
						<line number="3371" hits="0" branch="true" condition-coverage="0% (0/2)" missing-branches="3373,3396"/>
						<line number="3373" hits="0"/>
						<line number="3376" hits="0"/>
						<line number="3379" hits="0"/>
						<line number="3382" hits="0"/>
						<line number="3385" hits="0"/>
						<line number="3388" hits="0"/>
						<line number="3396" hits="0"/>
						<line number="3398" hits="0"/>
						<line number="3407" hits="0"/>
						<line number="3409" hits="0"/>
						<line number="3420" hits="0"/>
						<line number="3422" hits="0" branch="true" condition-coverage="0% (0/2)" missing-branches="3423,3424"/>
						<line number="3423" hits="0"/>
						<line number="3424" hits="0" branch="true" condition-coverage="0% (0/2)" missing-branches="3425,3427"/>
						<line number="3425" hits="0"/>
						<line number="3427" hits="0"/>
						<line number="3430" hits="1"/>
						<line number="3483" hits="0" branch="true" condition-coverage="0% (0/2)" missing-branches="3485,3565"/>
						<line number="3485" hits="0"/>
						<line number="3486" hits="0"/>
						<line number="3487" hits="0"/>
						<line number="3489" hits="0" branch="true" condition-coverage="0% (0/2)" missing-branches="3490,3491"/>
						<line number="3490" hits="0"/>
						<line number="3491" hits="0" branch="true" condition-coverage="0% (0/2)" missing-branches="3492,3493"/>
						<line number="3492" hits="0"/>
						<line number="3493" hits="0" branch="true" condition-coverage="0% (0/2)" missing-branches="3494,3496"/>
						<line number="3494" hits="0"/>
						<line number="3496" hits="0"/>
						<line number="3498" hits="0"/>
						<line number="3501" hits="0" branch="true" condition-coverage="0% (0/2)" missing-branches="exit,3502"/>
						<line number="3502" hits="0"/>
						<line number="3505" hits="0"/>
						<line number="3506" hits="0"/>
						<line number="3509" hits="0" branch="true" condition-coverage="0% (0/2)" missing-branches="3511,3542"/>
						<line number="3511" hits="0"/>
						<line number="3518" hits="0"/>
						<line number="3521" hits="0"/>
						<line number="3522" hits="0"/>
						<line number="3527" hits="0"/>
						<line number="3533" hits="0"/>
						<line number="3541" hits="0"/>
						<line number="3542" hits="0"/>
						<line number="3544" hits="0"/>
						<line number="3553" hits="0"/>
						<line number="3555" hits="0"/>
						<line number="3565" hits="0" branch="true" condition-coverage="0% (0/2)" missing-branches="3567,3590"/>
						<line number="3567" hits="0"/>
						<line number="3568" hits="0"/>
						<line number="3569" hits="0"/>
						<line number="3571" hits="0" branch="true" condition-coverage="0% (0/2)" missing-branches="3572,3573"/>
						<line number="3572" hits="0"/>
						<line number="3573" hits="0" branch="true" condition-coverage="0% (0/2)" missing-branches="3574,3575"/>
						<line number="3574" hits="0"/>
						<line number="3575" hits="0" branch="true" condition-coverage="0% (0/2)" missing-branches="3576,3578"/>
						<line number="3576" hits="0"/>
						<line number="3578" hits="0"/>
						<line number="3580" hits="0"/>
						<line number="3590" hits="0" branch="true" condition-coverage="0% (0/2)" missing-branches="3591,3629"/>
						<line number="3591" hits="0"/>
						<line number="3629" hits="0"/>
						<line number="3631" hits="0" branch="true" condition-coverage="0% (0/2)" missing-branches="3632,3633"/>
						<line number="3632" hits="0"/>
						<line number="3633" hits="0" branch="true" condition-coverage="0% (0/2)" missing-branches="3634,3636"/>
						<line number="3634" hits="0"/>
						<line number="3636" hits="0"/>
					</lines>
				</class>
				<class name="maps.py" filename="antarctic_plots/maps.py" complexity="0" line-rate="0.09115" branch-rate="0">
					<methods/>
					<lines>
						<line number="9" hits="1"/>
						<line number="10" hits="1"/>
						<line number="11" hits="1"/>
						<line number="13" hits="1"/>
						<line number="14" hits="1"/>
						<line number="15" hits="1"/>
						<line number="16" hits="1"/>
						<line number="17" hits="1"/>
						<line number="18" hits="1"/>
						<line number="20" hits="1"/>
						<line number="22" hits="1"/>
						<line number="23" hits="1"/>
						<line number="24" hits="1"/>
						<line number="25" hits="1"/>
						<line number="27" hits="0"/>
						<line number="29" hits="1"/>
						<line number="30" hits="1"/>
						<line number="31" hits="1"/>
						<line number="32" hits="1"/>
						<line number="34" hits="0"/>
						<line number="36" hits="1"/>
						<line number="37" hits="1"/>
						<line number="38" hits="0"/>
						<line number="39" hits="1"/>
						<line number="40" hits="1"/>
						<line number="42" hits="0"/>
						<line number="45" hits="1"/>
						<line number="53" hits="0" branch="true" condition-coverage="0% (0/2)" missing-branches="54,58"/>
						<line number="54" hits="0"/>
						<line number="58" hits="0" branch="true" condition-coverage="0% (0/2)" missing-branches="59,65"/>
						<line number="59" hits="0"/>
						<line number="65" hits="0"/>
						<line number="71" hits="0" branch="true" condition-coverage="0% (0/2)" missing-branches="72,73"/>
						<line number="72" hits="0"/>
						<line number="73" hits="0" branch="true" condition-coverage="0% (0/2)" missing-branches="74,76"/>
						<line number="74" hits="0"/>
						<line number="75" hits="0"/>
						<line number="76" hits="0" branch="true" condition-coverage="0% (0/2)" missing-branches="77,79"/>
						<line number="77" hits="0"/>
						<line number="78" hits="0"/>
						<line number="79" hits="0" branch="true" condition-coverage="0% (0/2)" missing-branches="80,85"/>
						<line number="80" hits="0"/>
						<line number="81" hits="0"/>
						<line number="85" hits="0" branch="true" condition-coverage="0% (0/2)" missing-branches="86,89"/>
						<line number="86" hits="0"/>
						<line number="89" hits="0"/>
						<line number="97" hits="0" branch="true" condition-coverage="0% (0/2)" missing-branches="98,107"/>
						<line number="98" hits="0"/>
						<line number="107" hits="0" branch="true" condition-coverage="0% (0/2)" missing-branches="108,117"/>
						<line number="108" hits="0"/>
						<line number="117" hits="0" branch="true" condition-coverage="0% (0/2)" missing-branches="119,134"/>
						<line number="119" hits="0" branch="true" condition-coverage="0% (0/2)" missing-branches="exit,127"/>
						<line number="127" hits="0"/>
						<line number="134" hits="0" branch="true" condition-coverage="0% (0/2)" missing-branches="135,146"/>
						<line number="135" hits="0"/>
						<line number="146" hits="0" branch="true" condition-coverage="0% (0/2)" missing-branches="147,153"/>
						<line number="147" hits="0"/>
						<line number="153" hits="0"/>
						<line number="159" hits="0"/>
						<line number="162" hits="1"/>
						<line number="241" hits="0"/>
						<line number="242" hits="0"/>
						<line number="245" hits="0" branch="true" condition-coverage="0% (0/2)" missing-branches="246,254"/>
						<line number="246" hits="0"/>
						<line number="247" hits="0"/>
						<line number="248" hits="0"/>
						<line number="250" hits="0"/>
						<line number="251" hits="0"/>
						<line number="254" hits="0" branch="true" condition-coverage="0% (0/2)" missing-branches="255,272"/>
						<line number="255" hits="0"/>
						<line number="256" hits="0"/>
						<line number="257" hits="0"/>
						<line number="260" hits="0" branch="true" condition-coverage="0% (0/2)" missing-branches="261,267"/>
						<line number="261" hits="0"/>
						<line number="267" hits="0"/>
						<line number="272" hits="0"/>
						<line number="274" hits="0" branch="true" condition-coverage="0% (0/2)" missing-branches="275,283"/>
						<line number="275" hits="0"/>
						<line number="276" hits="0"/>
						<line number="280" hits="0"/>
						<line number="283" hits="0" branch="true" condition-coverage="0% (0/2)" missing-branches="284,290"/>
						<line number="284" hits="0"/>
						<line number="285" hits="0"/>
						<line number="289" hits="0"/>
						<line number="290" hits="0" branch="true" condition-coverage="0% (0/2)" missing-branches="291,300"/>
						<line number="291" hits="0"/>
						<line number="292" hits="0"/>
						<line number="296" hits="0"/>
						<line number="300" hits="0" branch="true" condition-coverage="0% (0/2)" missing-branches="301,307"/>
						<line number="301" hits="0"/>
						<line number="307" hits="0"/>
						<line number="309" hits="0"/>
						<line number="310" hits="0"/>
						<line number="311" hits="0"/>
						<line number="312" hits="0" branch="true" condition-coverage="0% (0/2)" missing-branches="313,314"/>
						<line number="313" hits="0"/>
						<line number="314" hits="0"/>
						<line number="315" hits="0"/>
						<line number="316" hits="0"/>
						<line number="317" hits="0"/>
						<line number="318" hits="0"/>
						<line number="319" hits="0"/>
						<line number="320" hits="0"/>
						<line number="321" hits="0"/>
						<line number="322" hits="0"/>
						<line number="325" hits="0" branch="true" condition-coverage="0% (0/2)" missing-branches="326,327"/>
						<line number="326" hits="0"/>
						<line number="327" hits="0" branch="true" condition-coverage="0% (0/2)" missing-branches="328,334"/>
						<line number="328" hits="0"/>
						<line number="333" hits="0"/>
						<line number="334" hits="0" branch="true" condition-coverage="0% (0/2)" missing-branches="335,349"/>
						<line number="335" hits="0" branch="true" condition-coverage="0% (0/2)" missing-branches="336,337"/>
						<line number="336" hits="0"/>
						<line number="337" hits="0"/>
						<line number="349" hits="0" branch="true" condition-coverage="0% (0/2)" missing-branches="350,372"/>
						<line number="350" hits="0"/>
						<line number="351" hits="0"/>
						<line number="361" hits="0"/>
						<line number="362" hits="0"/>
						<line number="372" hits="0"/>
						<line number="373" hits="0"/>
						<line number="374" hits="0"/>
						<line number="382" hits="0"/>
						<line number="384" hits="0"/>
						<line number="385" hits="0"/>
						<line number="393" hits="0" branch="true" condition-coverage="0% (0/2)" missing-branches="395,407"/>
						<line number="395" hits="0"/>
						<line number="407" hits="0"/>
						<line number="418" hits="0"/>
						<line number="421" hits="0" branch="true" condition-coverage="0% (0/2)" missing-branches="422,430"/>
						<line number="422" hits="0"/>
						<line number="430" hits="0" branch="true" condition-coverage="0% (0/2)" missing-branches="431,434"/>
						<line number="431" hits="0"/>
						<line number="434" hits="0" branch="true" condition-coverage="0% (0/2)" missing-branches="435,444"/>
						<line number="435" hits="0"/>
						<line number="444" hits="0" branch="true" condition-coverage="0% (0/2)" missing-branches="445,454"/>
						<line number="445" hits="0"/>
						<line number="454" hits="0" branch="true" condition-coverage="0% (0/2)" missing-branches="456,471"/>
						<line number="456" hits="0" branch="true" condition-coverage="0% (0/2)" missing-branches="exit,464"/>
						<line number="464" hits="0"/>
						<line number="471" hits="0" branch="true" condition-coverage="0% (0/2)" missing-branches="472,483"/>
						<line number="472" hits="0"/>
						<line number="483" hits="0" branch="true" condition-coverage="0% (0/2)" missing-branches="485,507"/>
						<line number="485" hits="0" branch="true" condition-coverage="0% (0/2)" missing-branches="exit,497"/>
						<line number="497" hits="0"/>
						<line number="507" hits="0" branch="true" condition-coverage="0% (0/2)" missing-branches="508,510"/>
						<line number="508" hits="0"/>
						<line number="510" hits="0" branch="true" condition-coverage="0% (0/2)" missing-branches="511,513"/>
						<line number="511" hits="0"/>
						<line number="513" hits="0"/>
						<line number="516" hits="1"/>
						<line number="537" hits="0"/>
						<line number="540" hits="0"/>
						<line number="543" hits="0" branch="true" condition-coverage="0% (0/2)" missing-branches="544,546"/>
						<line number="544" hits="0"/>
						<line number="546" hits="0"/>
						<line number="549" hits="0"/>
						<line number="564" hits="0" branch="true" condition-coverage="0% (0/2)" missing-branches="exit,566"/>
						<line number="566" hits="0"/>
						<line number="569" hits="0" branch="true" condition-coverage="0% (0/2)" missing-branches="570,572"/>
						<line number="570" hits="0"/>
						<line number="571" hits="0"/>
						<line number="572" hits="0"/>
						<line number="574" hits="0" branch="true" condition-coverage="0% (0/2)" missing-branches="575,576"/>
						<line number="575" hits="0"/>
						<line number="576" hits="0" branch="true" condition-coverage="0% (0/2)" missing-branches="577,579"/>
						<line number="577" hits="0"/>
						<line number="579" hits="0"/>
						<line number="583" hits="0"/>
						<line number="586" hits="0"/>
						<line number="587" hits="0"/>
						<line number="590" hits="0"/>
						<line number="592" hits="0"/>
						<line number="593" hits="0"/>
						<line number="595" hits="0" branch="true" condition-coverage="0% (0/2)" missing-branches="597,600"/>
						<line number="597" hits="0"/>
						<line number="600" hits="0"/>
						<line number="603" hits="0"/>
						<line number="605" hits="0" branch="true" condition-coverage="0% (0/2)" missing-branches="607,609"/>
						<line number="607" hits="0"/>
						<line number="608" hits="0"/>
						<line number="609" hits="0" branch="true" condition-coverage="0% (0/2)" missing-branches="611,619"/>
						<line number="611" hits="0"/>
						<line number="616" hits="0"/>
						<line number="619" hits="0"/>
						<line number="627" hits="0"/>
						<line number="628" hits="0"/>
						<line number="631" hits="0"/>
						<line number="651" hits="0"/>
						<line number="654" hits="1"/>
						<line number="676" hits="0" branch="true" condition-coverage="0% (0/2)" missing-branches="677,679"/>
						<line number="677" hits="0"/>
						<line number="679" hits="0"/>
						<line number="681" hits="0" branch="true" condition-coverage="0% (0/2)" missing-branches="682,683"/>
						<line number="682" hits="0"/>
						<line number="683" hits="0" branch="true" condition-coverage="0% (0/2)" missing-branches="684,686"/>
						<line number="684" hits="0"/>
						<line number="686" hits="0"/>
						<line number="694" hits="1"/>
						<line number="716" hits="0"/>
						<line number="717" hits="0"/>
						<line number="719" hits="0" branch="true" condition-coverage="0% (0/2)" missing-branches="720,722"/>
						<line number="720" hits="0"/>
						<line number="722" hits="0"/>
						<line number="727" hits="0" branch="true" condition-coverage="0% (0/2)" missing-branches="728,730"/>
						<line number="728" hits="0"/>
						<line number="730" hits="0"/>
						<line number="735" hits="0" branch="true" condition-coverage="0% (0/2)" missing-branches="exit,750"/>
						<line number="750" hits="0"/>
						<line number="762" hits="0" branch="true" condition-coverage="0% (0/2)" missing-branches="735,763"/>
						<line number="763" hits="0"/>
						<line number="775" hits="1"/>
						<line number="799" hits="0"/>
						<line number="801" hits="0"/>
						<line number="804" hits="0" branch="true" condition-coverage="0% (0/2)" missing-branches="805,809"/>
						<line number="805" hits="0" branch="true" condition-coverage="0% (0/2)" missing-branches="806,809"/>
						<line number="806" hits="0"/>
						<line number="807" hits="0"/>
						<line number="809" hits="0" branch="true" condition-coverage="0% (0/2)" missing-branches="exit,813"/>
						<line number="813" hits="0"/>
						<line number="814" hits="0"/>
						<line number="820" hits="0"/>
						<line number="821" hits="0"/>
						<line number="825" hits="0"/>
						<line number="832" hits="1"/>
						<line number="852" hits="0"/>
						<line number="853" hits="0"/>
						<line number="854" hits="0"/>
						<line number="855" hits="0"/>
						<line number="858" hits="0" branch="true" condition-coverage="0% (0/2)" missing-branches="859,863"/>
						<line number="859" hits="0" branch="true" condition-coverage="0% (0/2)" missing-branches="860,863"/>
						<line number="860" hits="0"/>
						<line number="861" hits="0"/>
						<line number="863" hits="0"/>
						<line number="864" hits="0"/>
						<line number="866" hits="0" branch="true" condition-coverage="0% (0/2)" missing-branches="867,869"/>
						<line number="867" hits="0"/>
						<line number="869" hits="0" branch="true" condition-coverage="0% (0/2)" missing-branches="exit,875"/>
						<line number="875" hits="0"/>
						<line number="883" hits="1"/>
						<line number="900" hits="0"/>
						<line number="907" hits="1"/>
						<line number="933" hits="0" branch="true" condition-coverage="0% (0/2)" missing-branches="934,938"/>
						<line number="934" hits="0"/>
						<line number="938" hits="0"/>
						<line number="944" hits="0" branch="true" condition-coverage="0% (0/2)" missing-branches="945,964"/>
						<line number="945" hits="0" branch="true" condition-coverage="0% (0/2)" missing-branches="946,949"/>
						<line number="946" hits="0"/>
						<line number="949" hits="0"/>
						<line number="951" hits="0"/>
						<line number="953" hits="0"/>
						<line number="957" hits="0"/>
						<line number="964" hits="0"/>
						<line number="966" hits="0" branch="true" condition-coverage="0% (0/2)" missing-branches="967,970"/>
						<line number="967" hits="0"/>
						<line number="970" hits="0"/>
						<line number="979" hits="0" branch="true" condition-coverage="0% (0/2)" missing-branches="980,982"/>
						<line number="980" hits="0"/>
						<line number="982" hits="0"/>
						<line number="983" hits="0" branch="true" condition-coverage="0% (0/2)" missing-branches="984,992"/>
						<line number="984" hits="0"/>
						<line number="985" hits="0"/>
						<line number="987" hits="0"/>
						<line number="988" hits="0" branch="true" condition-coverage="0% (0/2)" missing-branches="exit,989"/>
						<line number="989" hits="0"/>
						<line number="990" hits="0"/>
						<line number="992" hits="0"/>
						<line number="994" hits="0" branch="true" condition-coverage="0% (0/2)" missing-branches="995,997"/>
						<line number="995" hits="0"/>
						<line number="997" hits="0"/>
						<line number="1000" hits="1"/>
						<line number="1028" hits="0" branch="true" condition-coverage="0% (0/2)" missing-branches="1029,1037"/>
						<line number="1029" hits="0"/>
						<line number="1030" hits="0"/>
						<line number="1031" hits="0"/>
						<line number="1033" hits="0"/>
						<line number="1034" hits="0"/>
						<line number="1037" hits="0" branch="true" condition-coverage="0% (0/2)" missing-branches="1038,1040"/>
						<line number="1038" hits="0"/>
						<line number="1040" hits="0"/>
						<line number="1044" hits="0" branch="true" condition-coverage="0% (0/2)" missing-branches="1045,1051"/>
						<line number="1045" hits="0"/>
						<line number="1051" hits="0"/>
						<line number="1057" hits="0"/>
						<line number="1059" hits="0" branch="true" condition-coverage="0% (0/2)" missing-branches="1069,1109"/>
						<line number="1069" hits="0" branch="true" condition-coverage="0% (0/2)" missing-branches="1059,1070"/>
						<line number="1070" hits="0" branch="true" condition-coverage="0% (0/2)" missing-branches="1069,1072"/>
						<line number="1072" hits="0" branch="true" condition-coverage="0% (0/2)" missing-branches="1073,1076"/>
						<line number="1073" hits="0"/>
						<line number="1076" hits="0"/>
						<line number="1079" hits="0" branch="true" condition-coverage="0% (0/2)" missing-branches="1080,1082"/>
						<line number="1080" hits="0"/>
						<line number="1082" hits="0"/>
						<line number="1085" hits="0" branch="true" condition-coverage="0% (0/2)" missing-branches="1086,1088"/>
						<line number="1086" hits="0"/>
						<line number="1088" hits="0"/>
						<line number="1091" hits="0" branch="true" condition-coverage="0% (0/2)" missing-branches="1092,1094"/>
						<line number="1092" hits="0"/>
						<line number="1094" hits="0"/>
						<line number="1097" hits="0"/>
						<line number="1109" hits="0"/>
						<line number="1112" hits="1"/>
						<line number="1154" hits="0"/>
						<line number="1155" hits="0"/>
						<line number="1158" hits="0" branch="true" condition-coverage="0% (0/2)" missing-branches="1159,1168"/>
						<line number="1159" hits="0"/>
						<line number="1160" hits="0"/>
						<line number="1161" hits="0"/>
						<line number="1163" hits="0"/>
						<line number="1164" hits="0"/>
						<line number="1168" hits="0" branch="true" condition-coverage="0% (0/2)" missing-branches="1169,1175"/>
						<line number="1169" hits="0"/>
						<line number="1175" hits="0"/>
						<line number="1180" hits="0"/>
						<line number="1183" hits="0"/>
						<line number="1186" hits="0" branch="true" condition-coverage="0% (0/2)" missing-branches="1187,1285"/>
						<line number="1187" hits="0"/>
						<line number="1189" hits="0" branch="true" condition-coverage="0% (0/2)" missing-branches="1190,1200"/>
						<line number="1190" hits="0"/>
						<line number="1196" hits="0"/>
						<line number="1197" hits="0"/>
						<line number="1200" hits="0" branch="true" condition-coverage="0% (0/2)" missing-branches="1201,1206"/>
						<line number="1201" hits="0"/>
						<line number="1206" hits="0" branch="true" condition-coverage="0% (0/2)" missing-branches="1207,1215"/>
						<line number="1207" hits="0"/>
						<line number="1215" hits="0"/>
						<line number="1216" hits="0"/>
						<line number="1217" hits="0"/>
						<line number="1223" hits="0"/>
						<line number="1225" hits="0"/>
						<line number="1226" hits="0"/>
						<line number="1233" hits="0"/>
						<line number="1234" hits="0" branch="true" condition-coverage="0% (0/2)" missing-branches="1235,1237"/>
						<line number="1235" hits="0"/>
						<line number="1237" hits="0"/>
						<line number="1240" hits="0"/>
						<line number="1255" hits="0" branch="true" condition-coverage="0% (0/2)" missing-branches="1256,1280"/>
						<line number="1256" hits="0"/>
						<line number="1257" hits="0"/>
						<line number="1259" hits="0" branch="true" condition-coverage="0% (0/2)" missing-branches="1260,1262"/>
						<line number="1260" hits="0"/>
						<line number="1262" hits="0"/>
						<line number="1264" hits="0" branch="true" condition-coverage="0% (0/2)" missing-branches="1265,1267"/>
						<line number="1265" hits="0"/>
						<line number="1267" hits="0"/>
						<line number="1269" hits="0"/>
						<line number="1270" hits="0"/>
						<line number="1277" hits="0"/>
						<line number="1280" hits="0" branch="true" condition-coverage="0% (0/2)" missing-branches="1281,1283"/>
						<line number="1281" hits="0"/>
						<line number="1283" hits="0"/>
						<line number="1285" hits="0"/>
						<line number="1288" hits="1"/>
						<line number="1349" hits="0" branch="true" condition-coverage="0% (0/2)" missing-branches="1350,1351"/>
						<line number="1350" hits="0"/>
						<line number="1351" hits="0" branch="true" condition-coverage="0% (0/2)" missing-branches="1352,1355"/>
						<line number="1352" hits="0"/>
						<line number="1355" hits="0"/>
						<line number="1358" hits="0"/>
						<line number="1363" hits="0"/>
						<line number="1369" hits="0"/>
						<line number="1372" hits="0" branch="true" condition-coverage="0% (0/2)" missing-branches="1374,1389"/>
						<line number="1374" hits="0"/>
						<line number="1380" hits="0"/>
						<line number="1383" hits="0"/>
						<line number="1386" hits="0"/>
						<line number="1389" hits="0" branch="true" condition-coverage="0% (0/2)" missing-branches="1390,1442"/>
						<line number="1390" hits="0"/>
						<line number="1439" hits="0"/>
						<line number="1442" hits="0" branch="true" condition-coverage="0% (0/2)" missing-branches="1443,1449"/>
						<line number="1443" hits="0"/>
						<line number="1449" hits="0"/>
						<line number="1452" hits="1"/>
						<line number="1459" hits="0" branch="true" condition-coverage="0% (0/2)" missing-branches="1460,1461"/>
						<line number="1460" hits="0"/>
						<line number="1461" hits="0" branch="true" condition-coverage="0% (0/2)" missing-branches="1462,1464"/>
						<line number="1462" hits="0"/>
						<line number="1464" hits="0" branch="true" condition-coverage="0% (0/2)" missing-branches="1467,1487"/>
						<line number="1467" hits="0"/>
						<line number="1473" hits="0"/>
						<line number="1487" hits="0"/>
						<line number="1494" hits="0"/>
						<line number="1505" hits="0"/>
						<line number="1510" hits="0"/>
					</lines>
				</class>
				<class name="profile.py" filename="antarctic_plots/profile.py" complexity="0" line-rate="0" branch-rate="0">
					<methods/>
					<lines>
						<line number="9" hits="0"/>
						<line number="11" hits="0"/>
						<line number="12" hits="0"/>
						<line number="13" hits="0"/>
						<line number="14" hits="0"/>
						<line number="15" hits="0"/>
						<line number="17" hits="0" branch="true" condition-coverage="0% (0/2)" missing-branches="18,20"/>
						<line number="18" hits="0"/>
						<line number="20" hits="0"/>
						<line number="22" hits="0"/>
						<line number="23" hits="0"/>
						<line number="24" hits="0"/>
						<line number="25" hits="0"/>
						<line number="27" hits="0"/>
						<line number="29" hits="0"/>
						<line number="32" hits="0"/>
						<line number="66" hits="0"/>
						<line number="67" hits="0" branch="true" condition-coverage="0% (0/2)" missing-branches="68,69"/>
						<line number="68" hits="0"/>
						<line number="69" hits="0" branch="true" condition-coverage="0% (0/2)" missing-branches="70,83"/>
						<line number="70" hits="0" branch="true" condition-coverage="0% (0/2)" missing-branches="71,72"/>
						<line number="71" hits="0"/>
						<line number="72" hits="0" branch="true" condition-coverage="0% (0/3)" missing-branches="exit,73,74"/>
						<line number="73" hits="0"/>
						<line number="74" hits="0"/>
						<line number="78" hits="0"/>
						<line number="83" hits="0" branch="true" condition-coverage="0% (0/2)" missing-branches="84,93"/>
						<line number="84" hits="0" branch="true" condition-coverage="0% (0/2)" missing-branches="85,86"/>
						<line number="85" hits="0"/>
						<line number="86" hits="0"/>
						<line number="87" hits="0"/>
						<line number="88" hits="0"/>
						<line number="89" hits="0"/>
						<line number="91" hits="0"/>
						<line number="93" hits="0" branch="true" condition-coverage="0% (0/2)" missing-branches="94,99"/>
						<line number="94" hits="0" branch="true" condition-coverage="0% (0/2)" missing-branches="95,97"/>
						<line number="95" hits="0"/>
						<line number="97" hits="0"/>
						<line number="99" hits="0"/>
						<line number="101" hits="0" branch="true" condition-coverage="0% (0/2)" missing-branches="102,125"/>
						<line number="102" hits="0"/>
						<line number="103" hits="0" branch="true" condition-coverage="0% (0/2)" missing-branches="104,118"/>
						<line number="104" hits="0"/>
						<line number="105" hits="0"/>
						<line number="111" hits="0"/>
						<line number="116" hits="0"/>
						<line number="118" hits="0"/>
						<line number="119" hits="0"/>
						<line number="120" hits="0"/>
						<line number="123" hits="0"/>
						<line number="125" hits="0"/>
						<line number="127" hits="0"/>
						<line number="129" hits="0"/>
						<line number="132" hits="0"/>
						<line number="157" hits="0"/>
						<line number="158" hits="0"/>
						<line number="159" hits="0"/>
						<line number="160" hits="0"/>
						<line number="162" hits="0"/>
						<line number="165" hits="0"/>
						<line number="167" hits="0"/>
						<line number="169" hits="0"/>
						<line number="172" hits="0"/>
						<line number="191" hits="0"/>
						<line number="194" hits="0"/>
						<line number="197" hits="0"/>
						<line number="200" hits="0"/>
						<line number="202" hits="0"/>
						<line number="205" hits="0"/>
						<line number="219" hits="0"/>
						<line number="220" hits="0" branch="true" condition-coverage="0% (0/2)" missing-branches="221,225"/>
						<line number="221" hits="0" branch="true" condition-coverage="0% (0/2)" missing-branches="222,224"/>
						<line number="222" hits="0"/>
						<line number="224" hits="0"/>
						<line number="225" hits="0"/>
						<line number="228" hits="0"/>
						<line number="246" hits="0" branch="true" condition-coverage="0% (0/2)" missing-branches="247,248"/>
						<line number="247" hits="0"/>
						<line number="248" hits="0" branch="true" condition-coverage="0% (0/2)" missing-branches="249,250"/>
						<line number="249" hits="0"/>
						<line number="250" hits="0"/>
						<line number="251" hits="0"/>
						<line number="255" hits="0"/>
						<line number="258" hits="0"/>
						<line number="276" hits="0" branch="true" condition-coverage="0% (0/2)" missing-branches="exit,280"/>
						<line number="280" hits="0"/>
						<line number="283" hits="0"/>
						<line number="300" hits="0" branch="true" condition-coverage="0% (0/2)" missing-branches="301,305"/>
						<line number="301" hits="0"/>
						<line number="302" hits="0"/>
						<line number="303" hits="0"/>
						<line number="305" hits="0" branch="true" condition-coverage="0% (0/2)" missing-branches="306,310"/>
						<line number="306" hits="0"/>
						<line number="307" hits="0"/>
[...]
						<line number="384" hits="0"/>
						<line number="390" hits="0" branch="true" condition-coverage="0% (0/2)" missing-branches="exit,393"/>
						<line number="393" hits="0" branch="true" condition-coverage="0% (0/2)" missing-branches="394,396"/>
						<line number="394" hits="0"/>
						<line number="396" hits="0" branch="true" condition-coverage="0% (0/2)" missing-branches="exit,399"/>
						<line number="399" hits="0"/>
						<line number="401" hits="0"/>
						<line number="404" hits="1"/>
						<line number="451" hits="0" branch="true" condition-coverage="0% (0/2)" missing-branches="452,454"/>
						<line number="452" hits="0"/>
						<line number="454" hits="0"/>
						<line number="456" hits="0" branch="true" condition-coverage="0% (0/2)" missing-branches="457,466"/>
						<line number="457" hits="0"/>
						<line number="462" hits="0"/>
						<line number="465" hits="0"/>
						<line number="466" hits="0" branch="true" condition-coverage="0% (0/2)" missing-branches="467,470"/>
						<line number="467" hits="0"/>
						<line number="470" hits="0" branch="true" condition-coverage="0% (0/2)" missing-branches="471,477"/>
						<line number="471" hits="0"/>
						<line number="477" hits="0"/>
						<line number="483" hits="0"/>
						<line number="485" hits="0" branch="true" condition-coverage="0% (0/2)" missing-branches="486,487"/>
						<line number="486" hits="0"/>
						<line number="487" hits="0" branch="true" condition-coverage="0% (0/2)" missing-branches="488,490"/>
						<line number="488" hits="0"/>
						<line number="490" hits="0"/>
						<line number="493" hits="1"/>
						<line number="525" hits="0"/>
						<line number="526" hits="0"/>
						<line number="528" hits="0"/>
						<line number="529" hits="0"/>
						<line number="531" hits="0"/>
						<line number="532" hits="0"/>
						<line number="534" hits="0"/>
						<line number="536" hits="0"/>
						<line number="543" hits="0"/>
						<line number="545" hits="0" branch="true" condition-coverage="0% (0/2)" missing-branches="546,547"/>
						<line number="546" hits="0"/>
						<line number="547" hits="0"/>
						<line number="550" hits="1"/>
						<line number="575" hits="0"/>
						<line number="577" hits="0" branch="true" condition-coverage="0% (0/2)" missing-branches="578,581"/>
						<line number="578" hits="0"/>
						<line number="579" hits="0"/>
						<line number="581" hits="0"/>
						<line number="582" hits="0"/>
						<line number="584" hits="0"/>
						<line number="585" hits="0"/>
						<line number="587" hits="0"/>
						<line number="590" hits="1"/>
						<line number="621" hits="0"/>
						<line number="622" hits="0"/>
						<line number="625" hits="0"/>
						<line number="628" hits="0"/>
						<line number="631" hits="0"/>
						<line number="633" hits="0"/>
						<line number="634" hits="0"/>
						<line number="635" hits="0"/>
						<line number="636" hits="0"/>
						<line number="638" hits="0"/>
						<line number="645" hits="0"/>
						<line number="652" hits="0" branch="true" condition-coverage="0% (0/2)" missing-branches="653,734"/>
						<line number="653" hits="0" branch="true" condition-coverage="0% (0/2)" missing-branches="654,687"/>
						<line number="654" hits="0"/>
						<line number="655" hits="0"/>
						<line number="665" hits="0"/>
						<line number="666" hits="0"/>
						<line number="672" hits="0"/>
						<line number="673" hits="0"/>
						<line number="679" hits="0"/>
						<line number="680" hits="0" branch="true" condition-coverage="0% (0/2)" missing-branches="681,734"/>
						<line number="681" hits="0"/>
						<line number="682" hits="0"/>
						<line number="683" hits="0"/>
						<line number="684" hits="0"/>
						<line number="685" hits="0"/>
						<line number="687" hits="0" branch="true" condition-coverage="0% (0/2)" missing-branches="688,734"/>
						<line number="688" hits="0"/>
						<line number="689" hits="0"/>
						<line number="690" hits="0"/>
						<line number="691" hits="0"/>
						<line number="692" hits="0"/>
						<line number="693" hits="0"/>
						<line number="694" hits="0"/>
						<line number="695" hits="0"/>
						<line number="696" hits="0"/>
						<line number="698" hits="0"/>
						<line number="707" hits="0"/>
						<line number="720" hits="0"/>
						<line number="732" hits="0"/>
						<line number="734" hits="0"/>
						<line number="737" hits="1"/>
						<line number="774" hits="0"/>
						<line number="775" hits="0"/>
						<line number="777" hits="0" branch="true" condition-coverage="0% (0/2)" missing-branches="778,780"/>
						<line number="778" hits="0"/>
						<line number="780" hits="0" branch="true" condition-coverage="0% (0/2)" missing-branches="781,784"/>
						<line number="781" hits="0"/>
						<line number="784" hits="0" branch="true" condition-coverage="0% (0/2)" missing-branches="785,797"/>
						<line number="785" hits="0"/>
						<line number="790" hits="0"/>
						<line number="797" hits="0"/>
						<line number="798" hits="0"/>
						<line number="800" hits="0"/>
						<line number="802" hits="0" branch="true" condition-coverage="0% (0/2)" missing-branches="803,809"/>
						<line number="803" hits="0"/>
						<line number="809" hits="0"/>
						<line number="810" hits="0"/>
						<line number="812" hits="0"/>
						<line number="813" hits="0"/>
						<line number="814" hits="0"/>
						<line number="815" hits="0"/>
						<line number="817" hits="0"/>
						<line number="819" hits="0" branch="true" condition-coverage="0% (0/2)" missing-branches="820,823"/>
						<line number="820" hits="0"/>
						<line number="823" hits="0" branch="true" condition-coverage="0% (0/2)" missing-branches="824,826"/>
						<line number="824" hits="0"/>
						<line number="826" hits="0"/>
						<line number="828" hits="0"/>
						<line number="836" hits="0"/>
						<line number="844" hits="0"/>
						<line number="847" hits="0"/>
						<line number="848" hits="0"/>
						<line number="851" hits="0"/>
						<line number="853" hits="0"/>
						<line number="856" hits="0"/>
						<line number="857" hits="0"/>
						<line number="859" hits="0" branch="true" condition-coverage="0% (0/2)" missing-branches="860,1044"/>
						<line number="860" hits="0"/>
						<line number="861" hits="0" branch="true" condition-coverage="0% (0/2)" missing-branches="862,864"/>
						<line number="862" hits="0"/>
						<line number="864" hits="0" branch="true" condition-coverage="0% (0/2)" missing-branches="865,964"/>
						<line number="865" hits="0"/>
						<line number="866" hits="0"/>
						<line number="867" hits="0"/>
						<line number="868" hits="0"/>
						<line number="869" hits="0"/>
						<line number="871" hits="0" branch="true" condition-coverage="0% (0/2)" missing-branches="exit,887"/>
						<line number="887" hits="0" branch="true" condition-coverage="0% (0/2)" missing-branches="exit,897"/>
						<line number="897" hits="0"/>
						<line number="907" hits="0" branch="true" condition-coverage="0% (0/2)" missing-branches="908,916"/>
						<line number="908" hits="0"/>
						<line number="916" hits="0"/>
						<line number="931" hits="0" branch="true" condition-coverage="0% (0/2)" missing-branches="932,940"/>
						<line number="932" hits="0"/>
						<line number="940" hits="0"/>
						<line number="952" hits="0" branch="true" condition-coverage="0% (0/2)" missing-branches="953,962"/>
						<line number="953" hits="0"/>
						<line number="962" hits="0"/>
						<line number="964" hits="0" branch="true" condition-coverage="0% (0/2)" missing-branches="965,1044"/>
						<line number="965" hits="0" branch="true" condition-coverage="0% (0/2)" missing-branches="966,967"/>
						<line number="966" hits="0"/>
						<line number="967" hits="0"/>
						<line number="969" hits="0"/>
						<line number="970" hits="0"/>
						<line number="972" hits="0"/>
						<line number="978" hits="0"/>
						<line number="991" hits="0"/>
						<line number="993" hits="0"/>
						<line number="1007" hits="0"/>
						<line number="1009" hits="0"/>
						<line number="1022" hits="0"/>
						<line number="1024" hits="0" branch="true" condition-coverage="0% (0/2)" missing-branches="1025,1044"/>
						<line number="1025" hits="0"/>
						<line number="1026" hits="0"/>
						<line number="1027" hits="0"/>
						<line number="1028" hits="0"/>
						<line number="1029" hits="0"/>
						<line number="1030" hits="0" branch="true" condition-coverage="0% (0/2)" missing-branches="1031,1032"/>
						<line number="1031" hits="0"/>
						<line number="1032" hits="0" branch="true" condition-coverage="0% (0/2)" missing-branches="1024,1033"/>
						<line number="1033" hits="0"/>
						<line number="1034" hits="0"/>
						<line number="1044" hits="0"/>
						<line number="1047" hits="1"/>
						<line number="1072" hits="0"/>
						<line number="1073" hits="0"/>
						<line number="1074" hits="0"/>
						<line number="1075" hits="0"/>
						<line number="1078" hits="1"/>
						<line number="1109" hits="0" branch="true" condition-coverage="0% (0/2)" missing-branches="1110,1112"/>
						<line number="1110" hits="0"/>
						<line number="1112" hits="0"/>
						<line number="1113" hits="0"/>
						<line number="1115" hits="0" branch="true" condition-coverage="0% (0/2)" missing-branches="1116,1128"/>
						<line number="1116" hits="0"/>
						<line number="1118" hits="0"/>
						<line number="1119" hits="0"/>
						<line number="1128" hits="0" branch="true" condition-coverage="0% (0/2)" missing-branches="1129,1130"/>
						<line number="1129" hits="0"/>
						<line number="1130" hits="0" branch="true" condition-coverage="0% (0/2)" missing-branches="1131,1189"/>
						<line number="1131" hits="0" branch="true" condition-coverage="0% (0/2)" missing-branches="1132,1141"/>
						<line number="1132" hits="0"/>
						<line number="1133" hits="0"/>
						<line number="1139" hits="0"/>
						<line number="1140" hits="0"/>
						<line number="1141" hits="0" branch="true" condition-coverage="0% (0/2)" missing-branches="1142,1143"/>
						<line number="1142" hits="0"/>
						<line number="1143" hits="0" branch="true" condition-coverage="0% (0/2)" missing-branches="1144,1147"/>
						<line number="1144" hits="0"/>
						<line number="1145" hits="0"/>
						<line number="1146" hits="0"/>
						<line number="1147" hits="0" branch="true" condition-coverage="0% (0/2)" missing-branches="1148,1151"/>
						<line number="1148" hits="0"/>
						<line number="1149" hits="0"/>
						<line number="1150" hits="0"/>
						<line number="1151" hits="0" branch="true" condition-coverage="0% (0/2)" missing-branches="1152,1155"/>
						<line number="1152" hits="0"/>
						<line number="1153" hits="0"/>
						<line number="1154" hits="0"/>
						<line number="1155" hits="0" branch="true" condition-coverage="0% (0/2)" missing-branches="1156,1162"/>
						<line number="1156" hits="0" branch="true" condition-coverage="0% (0/2)" missing-branches="1157,1161"/>
						<line number="1157" hits="0"/>
						<line number="1158" hits="0"/>
						<line number="1159" hits="0"/>
						<line number="1160" hits="0"/>
						<line number="1161" hits="0"/>
						<line number="1162" hits="0" branch="true" condition-coverage="0% (0/2)" missing-branches="1163,1167"/>
						<line number="1163" hits="0"/>
						<line number="1164" hits="0"/>
						<line number="1165" hits="0"/>
						<line number="1166" hits="0"/>
						<line number="1167" hits="0" branch="true" condition-coverage="0% (0/2)" missing-branches="1168,1179"/>
						<line number="1168" hits="0"/>
						<line number="1174" hits="0"/>
						<line number="1175" hits="0"/>
						<line number="1176" hits="0"/>
						<line number="1177" hits="0"/>
						<line number="1178" hits="0"/>
						<line number="1179" hits="0" branch="true" condition-coverage="0% (0/2)" missing-branches="1130,1180"/>
						<line number="1180" hits="0"/>
						<line number="1181" hits="0"/>
						<line number="1182" hits="0"/>
						<line number="1189" hits="0" branch="true" condition-coverage="0% (0/2)" missing-branches="1190,1194"/>
						<line number="1190" hits="0"/>
						<line number="1191" hits="0"/>
						<line number="1192" hits="0"/>
						<line number="1194" hits="0" branch="true" condition-coverage="0% (0/2)" missing-branches="exit,1195"/>
						<line number="1195" hits="0"/>
						<line number="1202" hits="1"/>
						<line number="1221" hits="0" branch="true" condition-coverage="0% (0/2)" missing-branches="1222,1224"/>
						<line number="1222" hits="0"/>
						<line number="1224" hits="0"/>
						<line number="1225" hits="0"/>
						<line number="1227" hits="0"/>
						<line number="1229" hits="0" branch="true" condition-coverage="0% (0/2)" missing-branches="1230,1233"/>
						<line number="1230" hits="0"/>
						<line number="1231" hits="0"/>
						<line number="1233" hits="0" branch="true" condition-coverage="0% (0/2)" missing-branches="1234,1249"/>
						<line number="1234" hits="0"/>
						<line number="1240" hits="0"/>
						<line number="1246" hits="0"/>
						<line number="1247" hits="0"/>
						<line number="1249" hits="0" branch="true" condition-coverage="0% (0/2)" missing-branches="1250,1256"/>
						<line number="1250" hits="0"/>
						<line number="1251" hits="0"/>
						<line number="1252" hits="0"/>
						<line number="1253" hits="0"/>
						<line number="1254" hits="0"/>
						<line number="1256" hits="0"/>
						<line number="1280" hits="0"/>
						<line number="1281" hits="0"/>
						<line number="1283" hits="0"/>
						<line number="1284" hits="0"/>
						<line number="1285" hits="0"/>
						<line number="1286" hits="0"/>
						<line number="1287" hits="0"/>
						<line number="1325" hits="1"/>
						<line number="1343" hits="0"/>
						<line number="1354" hits="0" branch="true" condition-coverage="0% (0/2)" missing-branches="1355,1358"/>
						<line number="1355" hits="0"/>
						<line number="1358" hits="0"/>
						<line number="1359" hits="0"/>
						<line number="1361" hits="0" branch="true" condition-coverage="0% (0/2)" missing-branches="1363,1364"/>
						<line number="1363" hits="0"/>
						<line number="1364" hits="0" branch="true" condition-coverage="0% (0/2)" missing-branches="1368,1369"/>
						<line number="1368" hits="0"/>
						<line number="1369" hits="0" branch="true" condition-coverage="0% (0/2)" missing-branches="1374,1377"/>
						<line number="1374" hits="0"/>
						<line number="1377" hits="0"/>
						<line number="1379" hits="0" branch="true" condition-coverage="0% (0/2)" missing-branches="1381,1384"/>
						<line number="1381" hits="0" branch="true" condition-coverage="0% (0/2)" missing-branches="exit,exit"/>
						<line number="1384" hits="0" branch="true" condition-coverage="0% (0/2)" missing-branches="1385,1387"/>
						<line number="1385" hits="0"/>
						<line number="1387" hits="0"/>
						<line number="1390" hits="1"/>
						<line number="1399" hits="0"/>
						<line number="1403" hits="0"/>
						<line number="1406" hits="1"/>
						<line number="1426" hits="0" branch="true" condition-coverage="0% (0/2)" missing-branches="1427,1429"/>
						<line number="1427" hits="0"/>
						<line number="1429" hits="0" branch="true" condition-coverage="0% (0/2)" missing-branches="1430,1433"/>
						<line number="1430" hits="0"/>
						<line number="1431" hits="0"/>
						<line number="1433" hits="0"/>
						<line number="1436" hits="1"/>
						<line number="1452" hits="0"/>
						<line number="1453" hits="0" branch="true" condition-coverage="0% (0/2)" missing-branches="1454,1459"/>
						<line number="1454" hits="0" branch="true" condition-coverage="0% (0/2)" missing-branches="exit,1455"/>
						<line number="1455" hits="0" branch="true" condition-coverage="0% (0/2)" missing-branches="exit,1456"/>
						<line number="1456" hits="0"/>
						<line number="1457" hits="0"/>
						<line number="1459" hits="0"/>
						<line number="1461" hits="0"/>
						<line number="1464" hits="1"/>
						<line number="1479" hits="0"/>
						<line number="1481" hits="0" branch="true" condition-coverage="0% (0/2)" missing-branches="1482,1485"/>
						<line number="1482" hits="0"/>
						<line number="1483" hits="0"/>
						<line number="1485" hits="0"/>
						<line number="1487" hits="0"/>
						<line number="1490" hits="1"/>
						<line number="1524" hits="0"/>
						<line number="1525" hits="0"/>
						<line number="1528" hits="0" branch="true" condition-coverage="0% (0/2)" missing-branches="1529,1533"/>
						<line number="1529" hits="0"/>
						<line number="1530" hits="0"/>
						<line number="1533" hits="0" branch="true" condition-coverage="0% (0/2)" missing-branches="1534,1536"/>
						<line number="1534" hits="0"/>
						<line number="1535" hits="0"/>
						<line number="1536" hits="0" branch="true" condition-coverage="0% (0/2)" missing-branches="1537,1540"/>
						<line number="1537" hits="0"/>
						<line number="1540" hits="0" branch="true" condition-coverage="0% (0/2)" missing-branches="1541,1550"/>
						<line number="1541" hits="0"/>
						<line number="1546" hits="0"/>
						<line number="1550" hits="0"/>
						<line number="1556" hits="0" branch="true" condition-coverage="0% (0/2)" missing-branches="1557,1562"/>
						<line number="1557" hits="0"/>
						<line number="1558" hits="0"/>
						<line number="1559" hits="0"/>
						<line number="1562" hits="0" branch="true" condition-coverage="0% (0/2)" missing-branches="1563,1565"/>
						<line number="1563" hits="0"/>
						<line number="1565" hits="0"/>
						<line number="1568" hits="1"/>
						<line number="1582" hits="0" branch="true" condition-coverage="0% (0/2)" missing-branches="1584,1590"/>
						<line number="1584" hits="0" branch="true" condition-coverage="0% (0/2)" missing-branches="1582,1586"/>
						<line number="1586" hits="0" branch="true" condition-coverage="0% (0/2)" missing-branches="1584,1587"/>
						<line number="1587" hits="0"/>
						<line number="1588" hits="0"/>
						<line number="1589" hits="0"/>
						<line number="1590" hits="0"/>
						<line number="1593" hits="1"/>
						<line number="1614" hits="0" branch="true" condition-coverage="0% (0/2)" missing-branches="1615,1625"/>
						<line number="1615" hits="0" branch="true" condition-coverage="0% (0/2)" missing-branches="1614,1618"/>
						<line number="1618" hits="0"/>
						<line number="1619" hits="0"/>
						<line number="1620" hits="0" branch="true" condition-coverage="0% (0/2)" missing-branches="1615,1623"/>
						<line number="1623" hits="0"/>
						<line number="1624" hits="0"/>
						<line number="1625" hits="0"/>
						<line number="1628" hits="1"/>
						<line number="1629" hits="0" branch="true" condition-coverage="0% (0/2)" missing-branches="1630,1633"/>
						<line number="1630" hits="0" branch="true" condition-coverage="0% (0/2)" missing-branches="1629,1631"/>
						<line number="1631" hits="0"/>
						<line number="1632" hits="0"/>
						<line number="1633" hits="0"/>
						<line number="1636" hits="1"/>
						<line number="1637" hits="0" branch="true" condition-coverage="0% (0/2)" missing-branches="1638,1641"/>
						<line number="1638" hits="0" branch="true" condition-coverage="0% (0/2)" missing-branches="1637,1639"/>
						<line number="1639" hits="0"/>
						<line number="1640" hits="0"/>
						<line number="1641" hits="0"/>
						<line number="1644" hits="1"/>
						<line number="1645" hits="0" branch="true" condition-coverage="0% (0/2)" missing-branches="exit,exit"/>
						<line number="1648" hits="1"/>
						<line number="1656" hits="0" branch="true" condition-coverage="0% (0/2)" missing-branches="1658,1667"/>
						<line number="1658" hits="0" branch="true" condition-coverage="0% (0/2)" missing-branches="1656,1660"/>
						<line number="1660" hits="0" branch="true" condition-coverage="0% (0/2)" missing-branches="1658,1661"/>
						<line number="1661" hits="0"/>
						<line number="1665" hits="0"/>
						<line number="1666" hits="0"/>
						<line number="1667" hits="0"/>
					</lines>
				</class>
			</classes>
		</package>
	</packages>
</coverage>
